{"meta": {"format": 3, "version": "7.13.5", "timestamp": "2026-03-28T18:10:58.108297", "branch_coverage": false, "show_contexts": false}, "files": {"src/__init__.py": {"executed_lines": [], "summary": {"covered_lines": 0, "num_statements": 0, "percent_covered": 100.0, "percent_covered_display": "100", "missing_lines": 0, "excluded_lines": 0, "percent_statements_covered": 100.0, "percent_statements_covered_display": "100"}, "missing_lines": [], "excluded_lines": [], "functions": {"": {"executed_lines": [], "summary": {"covered_lines": 0, "num_statements": 0, "percent_covered": 100.0, "percent_covered_display": "100", "missing_lines": 0, "excluded_lines": 0, "percent_statements_covered": 100.0, "percent_statements_covered_display": "100"}, "missing_lines": [], "excluded_lines": [], "start_line": 1}}, "classes": {"": {"executed_lines": [], "summary": {"covered_lines": 0, "num_statements": 0, "percent_covered": 100.0, "percent_covered_display": "100", "missing_lines": 0, "excluded_lines": 0, "percent_statements_covered": 100.0, "percent_statements_covered_display": "100"}, "missing_lines": [], "excluded_lines": [], "start_line": 1}}}, "src/agent/__init__.py": {"executed_lines": [], "summary": {"covered_lines": 0, "num_statements": 0, "percent_covered": 100.0, "percent_covered_display": "100", "missing_lines": 0, "excluded_lines": 0, "percent_statements_covered": 100.0, "percent_statements_covered_display": "100"}, "missing_lines": [], "excluded_lines": [], "functions": {"": {"executed_lines": [], "summary": {"covered_lines": 0, "num_statements": 0, "percent_covered": 100.0, "percent_covered_display": "100", "missing_lines": 0, "excluded_lines": 0, "percent_statements_covered": 100.0, "percent_statements_covered_display": "100"}, "missing_lines": [], "excluded_lines": [], "start_line": 1}}, "classes": {"": {"executed_lines": [], "summary": {"covered_lines": 0, "num_statements": 0, "percent_covered": 100.0, "percent_covered_display": "100", "missing_lines": 0, "excluded_lines": 0, "percent_statements_covered": 100.0, "percent_statements_covered_display": "100"}, "missing_lines": [], "excluded_lines": [], "start_line": 1}}}, "src/agent/sales_agent.py": {"executed_lines": [8, 9, 10, 11, 12, 13, 14, 15, 18, 19, 20, 23, 24, 25, 26, 27, 28, 29, 30, 31, 32, 33, 34, 35, 38, 41, 42, 58, 59, 60, 63, 64, 65, 68, 73, 77, 80, 87, 88, 89, 90, 91, 92, 93, 94, 96, 99, 105, 106, 107, 109, 110, 112, 113, 114, 115, 116, 117, 118, 119, 120, 121, 122, 124, 127, 128, 129, 130, 131, 132, 133, 134, 135, 136, 137, 138, 139, 141, 143, 158, 159, 160, 161, 162, 163, 166, 167, 168, 169, 171, 173, 174, 176, 177, 180, 182, 185, 187, 217, 219, 225, 226, 231, 232, 234, 237, 241, 244, 246, 249, 251, 258, 262, 264, 268, 298, 300, 301, 302, 303, 305, 306], "summary": {"covered_lines": 122, "num_statements": 157, "percent_covered": 77.70700636942675, "percent_covered_display": "78", "missing_lines": 35, "excluded_lines": 1, "percent_statements_covered": 77.70700636942675, "percent_statements_covered_display": "78"}, "missing_lines": [78, 189, 190, 191, 192, 193, 194, 195, 197, 198, 201, 202, 205, 206, 207, 208, 213, 214, 220, 221, 235, 236, 238, 247, 259, 260, 266, 273, 274, 277, 278, 279, 280, 281, 283], "excluded_lines": [48], "functions": {"_load_json": {"executed_lines": [59, 60], "summary": {"covered_lines": 2, "num_statements": 2, "percent_covered": 100.0, "percent_covered_display": "100", "missing_lines": 0, "excluded_lines": 0, "percent_statements_covered": 100.0, "percent_statements_covered_display": "100"}, "missing_lines": [], "excluded_lines": [], "start_line": 58}, "_load_text": {"executed_lines": [64, 65], "summary": {"covered_lines": 2, "num_statements": 2, "percent_covered": 100.0, "percent_covered_display": "100", "missing_lines": 0, "excluded_lines": 0, "percent_statements_covered": 100.0, "percent_statements_covered_display": "100"}, "missing_lines": [], "excluded_lines": [], "start_line": 63}, "_build_corrections_block": {"executed_lines": [73, 77, 80, 87, 88, 89, 90, 91, 92, 93, 94, 96], "summary": {"covered_lines": 12, "num_statements": 13, "percent_covered": 92.3076923076923, "percent_covered_display": "92", "missing_lines": 1, "excluded_lines": 0, "percent_statements_covered": 92.3076923076923, "percent_statements_covered_display": "92"}, "missing_lines": [78], "excluded_lines": [], "start_line": 68}, "_extract_metadata": {"executed_lines": [105, 106, 107, 109, 110, 112, 113, 114, 115, 116, 117, 118, 119, 120, 121, 122, 124], "summary": {"covered_lines": 17, "num_statements": 17, "percent_covered": 100.0, "percent_covered_display": "100", "missing_lines": 0, "excluded_lines": 0, "percent_statements_covered": 100.0, "percent_statements_covered_display": "100"}, "missing_lines": [], "excluded_lines": [], "start_line": 99}, "load_context": {"executed_lines": [128, 129, 130, 131, 132, 133, 134, 135, 136, 137, 138, 139, 141, 143], "summary": {"covered_lines": 14, "num_statements": 14, "percent_covered": 100.0, "percent_covered_display": "100", "missing_lines": 0, "excluded_lines": 0, "percent_statements_covered": 100.0, "percent_statements_covered_display": "100"}, "missing_lines": [], "excluded_lines": [], "start_line": 127}, "_truncate_history": {"executed_lines": [159, 160, 161, 162, 163], "summary": {"covered_lines": 5, "num_statements": 5, "percent_covered": 100.0, "percent_covered_display": "100", "missing_lines": 0, "excluded_lines": 0, "percent_statements_covered": 100.0, "percent_statements_covered_display": "100"}, "missing_lines": [], "excluded_lines": [], "start_line": 158}, "SalesAgent.__init__": {"executed_lines": [168, 169, 171], "summary": {"covered_lines": 3, "num_statements": 3, "percent_covered": 100.0, "percent_covered_display": "100", "missing_lines": 0, "excluded_lines": 0, "percent_statements_covered": 100.0, "percent_statements_covered_display": "100"}, "missing_lines": [], "excluded_lines": [], "start_line": 167}, "SalesAgent.reply": {"executed_lines": [174, 176, 177, 180, 182, 185, 187, 217, 219, 225, 226, 231, 232, 234, 237, 241, 244, 246, 249, 251, 258, 262], "summary": {"covered_lines": 22, "num_statements": 47, "percent_covered": 46.808510638297875, "percent_covered_display": "47", "missing_lines": 25, "excluded_lines": 0, "percent_statements_covered": 46.808510638297875, "percent_statements_covered_display": "47"}, "missing_lines": [189, 190, 191, 192, 193, 194, 195, 197, 198, 201, 202, 205, 206, 207, 208, 213, 214, 220, 221, 235, 236, 238, 247, 259, 260], "excluded_lines": [], "start_line": 173}, "SalesAgent.get_lead_data": {"executed_lines": [], "summary": {"covered_lines": 0, "num_statements": 1, "percent_covered": 0.0, "percent_covered_display": "0", "missing_lines": 1, "excluded_lines": 0, "percent_statements_covered": 0.0, "percent_statements_covered_display": "0"}, "missing_lines": [266], "excluded_lines": [], "start_line": 264}, "SalesAgent.get_escalation_brief": {"executed_lines": [], "summary": {"covered_lines": 0, "num_statements": 8, "percent_covered": 0.0, "percent_covered_display": "0", "missing_lines": 8, "excluded_lines": 0, "percent_statements_covered": 0.0, "percent_statements_covered_display": "0"}, "missing_lines": [273, 274, 277, 278, 279, 280, 281, 283], "excluded_lines": [], "start_line": 268}, "SalesAgent.reset": {"executed_lines": [300, 301, 302, 303, 305, 306], "summary": {"covered_lines": 6, "num_statements": 6, "percent_covered": 100.0, "percent_covered_display": "100", "missing_lines": 0, "excluded_lines": 0, "percent_statements_covered": 100.0, "percent_statements_covered_display": "100"}, "missing_lines": [], "excluded_lines": [], "start_line": 298}, "": {"executed_lines": [8, 9, 10, 11, 12, 13, 14, 15, 18, 19, 20, 23, 24, 25, 26, 27, 28, 29, 30, 31, 32, 33, 34, 35, 38, 41, 42, 58, 63, 68, 99, 127, 158, 166, 167, 173, 264, 268, 298], "summary": {"covered_lines": 39, "num_statements": 39, "percent_covered": 100.0, "percent_covered_display": "100", "missing_lines": 0, "excluded_lines": 1, "percent_statements_covered": 100.0, "percent_statements_covered_display": "100"}, "missing_lines": [], "excluded_lines": [48], "start_line": 1}}, "classes": {"SalesAgent": {"executed_lines": [168, 169, 171, 174, 176, 177, 180, 182, 185, 187, 217, 219, 225, 226, 231, 232, 234, 237, 241, 244, 246, 249, 251, 258, 262, 300, 301, 302, 303, 305, 306], "summary": {"covered_lines": 31, "num_statements": 65, "percent_covered": 47.69230769230769, "percent_covered_display": "48", "missing_lines": 34, "excluded_lines": 0, "percent_statements_covered": 47.69230769230769, "percent_statements_covered_display": "48"}, "missing_lines": [189, 190, 191, 192, 193, 194, 195, 197, 198, 201, 202, 205, 206, 207, 208, 213, 214, 220, 221, 235, 236, 238, 247, 259, 260, 266, 273, 274, 277, 278, 279, 280, 281, 283], "excluded_lines": [], "start_line": 166}, "": {"executed_lines": [8, 9, 10, 11, 12, 13, 14, 15, 18, 19, 20, 23, 24, 25, 26, 27, 28, 29, 30, 31, 32, 33, 34, 35, 38, 41, 42, 58, 59, 60, 63, 64, 65, 68, 73, 77, 80, 87, 88, 89, 90, 91, 92, 93, 94, 96, 99, 105, 106, 107, 109, 110, 112, 113, 114, 115, 116, 117, 118, 119, 120, 121, 122, 124, 127, 128, 129, 130, 131, 132, 133, 134, 135, 136, 137, 138, 139, 141, 143, 158, 159, 160, 161, 162, 163, 166, 167, 173, 264, 268, 298], "summary": {"covered_lines": 91, "num_statements": 92, "percent_covered": 98.91304347826087, "percent_covered_display": "99", "missing_lines": 1, "excluded_lines": 1, "percent_statements_covered": 98.91304347826087, "percent_statements_covered_display": "99"}, "missing_lines": [78], "excluded_lines": [48], "start_line": 1}}}, "src/api/__init__.py": {"executed_lines": [7, 9, 10, 11, 12, 13, 14, 15, 16, 17, 19, 30], "summary": {"covered_lines": 12, "num_statements": 12, "percent_covered": 100.0, "percent_covered_display": "100", "missing_lines": 0, "excluded_lines": 0, "percent_statements_covered": 100.0, "percent_statements_covered_display": "100"}, "missing_lines": [], "excluded_lines": [], "functions": {"register_blueprints": {"executed_lines": [9, 10, 11, 12, 13, 14, 15, 16, 17, 19, 30], "summary": {"covered_lines": 11, "num_statements": 11, "percent_covered": 100.0, "percent_covered_display": "100", "missing_lines": 0, "excluded_lines": 0, "percent_statements_covered": 100.0, "percent_statements_covered_display": "100"}, "missing_lines": [], "excluded_lines": [], "start_line": 7}, "": {"executed_lines": [7], "summary": {"covered_lines": 1, "num_statements": 1, "percent_covered": 100.0, "percent_covered_display": "100", "missing_lines": 0, "excluded_lines": 0, "percent_statements_covered": 100.0, "percent_statements_covered_display": "100"}, "missing_lines": [], "excluded_lines": [], "start_line": 1}}, "classes": {"": {"executed_lines": [7, 9, 10, 11, 12, 13, 14, 15, 16, 17, 19, 30], "summary": {"covered_lines": 12, "num_statements": 12, "percent_covered": 100.0, "percent_covered_display": "100", "missing_lines": 0, "excluded_lines": 0, "percent_statements_covered": 100.0, "percent_statements_covered_display": "100"}, "missing_lines": [], "excluded_lines": [], "start_line": 1}}}, "src/api/analytics_api.py": {"executed_lines": [5, 7, 9, 12, 13, 20, 21, 26, 27, 36, 37, 46, 47], "summary": {"covered_lines": 13, "num_statements": 24, "percent_covered": 54.166666666666664, "percent_covered_display": "54", "missing_lines": 11, "excluded_lines": 0, "percent_statements_covered": 54.166666666666664, "percent_statements_covered_display": "54"}, "missing_lines": [17, 23, 32, 33, 42, 43, 51, 52, 53, 54, 56], "excluded_lines": [], "functions": {"api_analytics_funnel": {"executed_lines": [], "summary": {"covered_lines": 0, "num_statements": 1, "percent_covered": 0.0, "percent_covered_display": "0", "missing_lines": 1, "excluded_lines": 0, "percent_statements_covered": 0.0, "percent_statements_covered_display": "0"}, "missing_lines": [17], "excluded_lines": [], "start_line": 13}, "api_analytics_time_per_stage": {"executed_lines": [], "summary": {"covered_lines": 0, "num_statements": 1, "percent_covered": 0.0, "percent_covered_display": "0", "missing_lines": 1, "excluded_lines": 0, "percent_statements_covered": 0.0, "percent_statements_covered_display": "0"}, "missing_lines": [23], "excluded_lines": [], "start_line": 21}, "api_analytics_keywords": {"executed_lines": [], "summary": {"covered_lines": 0, "num_statements": 2, "percent_covered": 0.0, "percent_covered_display": "0", "missing_lines": 2, "excluded_lines": 0, "percent_statements_covered": 0.0, "percent_statements_covered_display": "0"}, "missing_lines": [32, 33], "excluded_lines": [], "start_line": 27}, "api_analytics_quality": {"executed_lines": [], "summary": {"covered_lines": 0, "num_statements": 2, "percent_covered": 0.0, "percent_covered_display": "0", "missing_lines": 2, "excluded_lines": 0, "percent_statements_covered": 0.0, "percent_statements_covered_display": "0"}, "missing_lines": [42, 43], "excluded_lines": [], "start_line": 37}, "api_analytics_summary": {"executed_lines": [], "summary": {"covered_lines": 0, "num_statements": 5, "percent_covered": 0.0, "percent_covered_display": "0", "missing_lines": 5, "excluded_lines": 0, "percent_statements_covered": 0.0, "percent_statements_covered_display": "0"}, "missing_lines": [51, 52, 53, 54, 56], "excluded_lines": [], "start_line": 47}, "": {"executed_lines": [5, 7, 9, 12, 13, 20, 21, 26, 27, 36, 37, 46, 47], "summary": {"covered_lines": 13, "num_statements": 13, "percent_covered": 100.0, "percent_covered_display": "100", "missing_lines": 0, "excluded_lines": 0, "percent_statements_covered": 100.0, "percent_statements_covered_display": "100"}, "missing_lines": [], "excluded_lines": [], "start_line": 1}}, "classes": {"": {"executed_lines": [5, 7, 9, 12, 13, 20, 21, 26, 27, 36, 37, 46, 47], "summary": {"covered_lines": 13, "num_statements": 24, "percent_covered": 54.166666666666664, "percent_covered_display": "54", "missing_lines": 11, "excluded_lines": 0, "percent_statements_covered": 54.166666666666664, "percent_statements_covered_display": "54"}, "missing_lines": [17, 23, 32, 33, 42, 43, 51, 52, 53, 54, 56], "excluded_lines": [], "start_line": 1}}}, "src/api/backlog_api.py": {"executed_lines": [5, 7, 22, 25, 26, 41, 42, 78, 79, 106, 107, 113, 114, 120, 121, 127, 128, 134, 135, 141, 142, 156, 157, 162, 163], "summary": {"covered_lines": 25, "num_statements": 75, "percent_covered": 33.333333333333336, "percent_covered_display": "33", "missing_lines": 50, "excluded_lines": 0, "percent_statements_covered": 33.333333333333336, "percent_statements_covered_display": "33"}, "missing_lines": [31, 33, 35, 36, 37, 38, 47, 48, 50, 51, 53, 54, 56, 74, 75, 81, 83, 84, 85, 86, 88, 90, 91, 93, 94, 95, 97, 98, 99, 101, 102, 103, 109, 110, 116, 117, 123, 124, 130, 131, 137, 138, 147, 148, 149, 150, 152, 153, 159, 165], "excluded_lines": [], "functions": {"api_backlog_list": {"executed_lines": [], "summary": {"covered_lines": 0, "num_statements": 6, "percent_covered": 0.0, "percent_covered_display": "0", "missing_lines": 6, "excluded_lines": 0, "percent_statements_covered": 0.0, "percent_statements_covered_display": "0"}, "missing_lines": [31, 33, 35, 36, 37, 38], "excluded_lines": [], "start_line": 26}, "api_backlog_save": {"executed_lines": [], "summary": {"covered_lines": 0, "num_statements": 9, "percent_covered": 0.0, "percent_covered_display": "0", "missing_lines": 9, "excluded_lines": 0, "percent_statements_covered": 0.0, "percent_statements_covered_display": "0"}, "missing_lines": [47, 48, 50, 51, 53, 54, 56, 74, 75], "excluded_lines": [], "start_line": 42}, "api_backlog_update": {"executed_lines": [], "summary": {"covered_lines": 0, "num_statements": 17, "percent_covered": 0.0, "percent_covered_display": "0", "missing_lines": 17, "excluded_lines": 0, "percent_statements_covered": 0.0, "percent_statements_covered_display": "0"}, "missing_lines": [81, 83, 84, 85, 86, 88, 90, 91, 93, 94, 95, 97, 98, 99, 101, 102, 103], "excluded_lines": [], "start_line": 79}, "api_backlog_delete": {"executed_lines": [], "summary": {"covered_lines": 0, "num_statements": 2, "percent_covered": 0.0, "percent_covered_display": "0", "missing_lines": 2, "excluded_lines": 0, "percent_statements_covered": 0.0, "percent_statements_covered_display": "0"}, "missing_lines": [109, 110], "excluded_lines": [], "start_line": 107}, "api_backlog_trash": {"executed_lines": [], "summary": {"covered_lines": 0, "num_statements": 2, "percent_covered": 0.0, "percent_covered_display": "0", "missing_lines": 2, "excluded_lines": 0, "percent_statements_covered": 0.0, "percent_statements_covered_display": "0"}, "missing_lines": [116, 117], "excluded_lines": [], "start_line": 114}, "api_backlog_restore": {"executed_lines": [], "summary": {"covered_lines": 0, "num_statements": 2, "percent_covered": 0.0, "percent_covered_display": "0", "missing_lines": 2, "excluded_lines": 0, "percent_statements_covered": 0.0, "percent_statements_covered_display": "0"}, "missing_lines": [123, 124], "excluded_lines": [], "start_line": 121}, "api_backlog_permanent_delete": {"executed_lines": [], "summary": {"covered_lines": 0, "num_statements": 2, "percent_covered": 0.0, "percent_covered_display": "0", "missing_lines": 2, "excluded_lines": 0, "percent_statements_covered": 0.0, "percent_statements_covered_display": "0"}, "missing_lines": [130, 131], "excluded_lines": [], "start_line": 128}, "api_backlog_empty_trash": {"executed_lines": [], "summary": {"covered_lines": 0, "num_statements": 2, "percent_covered": 0.0, "percent_covered_display": "0", "missing_lines": 2, "excluded_lines": 0, "percent_statements_covered": 0.0, "percent_statements_covered_display": "0"}, "missing_lines": [137, 138], "excluded_lines": [], "start_line": 135}, "api_backlog_reorder": {"executed_lines": [], "summary": {"covered_lines": 0, "num_statements": 6, "percent_covered": 0.0, "percent_covered_display": "0", "missing_lines": 6, "excluded_lines": 0, "percent_statements_covered": 0.0, "percent_statements_covered_display": "0"}, "missing_lines": [147, 148, 149, 150, 152, 153], "excluded_lines": [], "start_line": 142}, "api_backlog_analytics": {"executed_lines": [], "summary": {"covered_lines": 0, "num_statements": 1, "percent_covered": 0.0, "percent_covered_display": "0", "missing_lines": 1, "excluded_lines": 0, "percent_statements_covered": 0.0, "percent_statements_covered_display": "0"}, "missing_lines": [159], "excluded_lines": [], "start_line": 157}, "api_backlog_next_id": {"executed_lines": [], "summary": {"covered_lines": 0, "num_statements": 1, "percent_covered": 0.0, "percent_covered_display": "0", "missing_lines": 1, "excluded_lines": 0, "percent_statements_covered": 0.0, "percent_statements_covered_display": "0"}, "missing_lines": [165], "excluded_lines": [], "start_line": 163}, "": {"executed_lines": [5, 7, 22, 25, 26, 41, 42, 78, 79, 106, 107, 113, 114, 120, 121, 127, 128, 134, 135, 141, 142, 156, 157, 162, 163], "summary": {"covered_lines": 25, "num_statements": 25, "percent_covered": 100.0, "percent_covered_display": "100", "missing_lines": 0, "excluded_lines": 0, "percent_statements_covered": 100.0, "percent_statements_covered_display": "100"}, "missing_lines": [], "excluded_lines": [], "start_line": 1}}, "classes": {"": {"executed_lines": [5, 7, 22, 25, 26, 41, 42, 78, 79, 106, 107, 113, 114, 120, 121, 127, 128, 134, 135, 141, 142, 156, 157, 162, 163], "summary": {"covered_lines": 25, "num_statements": 75, "percent_covered": 33.333333333333336, "percent_covered_display": "33", "missing_lines": 50, "excluded_lines": 0, "percent_statements_covered": 33.333333333333336, "percent_statements_covered_display": "33"}, "missing_lines": [31, 33, 35, 36, 37, 38, 47, 48, 50, 51, 53, 54, 56, 74, 75, 81, 83, 84, 85, 86, 88, 90, 91, 93, 94, 95, 97, 98, 99, 101, 102, 103, 109, 110, 116, 117, 123, 124, 130, 131, 137, 138, 147, 148, 149, 150, 152, 153, 159, 165], "excluded_lines": [], "start_line": 1}}}, "src/api/chat.py": {"executed_lines": [6, 7, 8, 9, 11, 20, 21, 28, 29, 31, 34, 37, 40, 41, 42, 43, 48, 49, 52, 56, 58, 59, 62, 68, 69, 71, 73, 76, 80, 87, 89, 90, 94, 101, 104, 110, 112, 113, 114, 116, 117, 118, 121, 122, 123, 127, 132, 134, 135, 138, 139, 143, 144, 149, 166, 167, 168, 169, 177, 180, 181, 197, 201, 203, 204, 205, 206, 207, 210, 211, 221, 223, 224, 226, 227, 228, 229, 231, 235, 236, 241, 257, 259, 260, 263, 264, 265, 266, 267, 270, 271, 275, 283, 284, 296, 297, 300, 301, 306, 309, 310, 311, 323, 324, 325, 326, 327, 328, 329, 330, 333, 336, 337, 339, 344, 345, 347, 350, 352, 353, 354, 355, 357, 358, 359, 360, 364, 377, 378, 388, 389, 390, 391, 394, 395, 396, 397, 398, 401, 402, 405, 406, 410, 413, 414, 415, 425, 426, 427, 429, 432, 433, 435, 440, 441, 443, 445, 447, 448, 449, 450, 451, 452, 453, 455, 456, 465, 466, 468, 469, 470, 471, 472, 475, 476, 478, 479, 480, 483, 484, 486, 487], "summary": {"covered_lines": 182, "num_statements": 209, "percent_covered": 87.08133971291866, "percent_covered_display": "87", "missing_lines": 27, "excluded_lines": 1, "percent_statements_covered": 87.08133971291866, "percent_statements_covered_display": "87"}, "missing_lines": [57, 115, 140, 150, 151, 152, 153, 157, 159, 160, 162, 163, 253, 258, 285, 286, 298, 302, 303, 334, 365, 369, 380, 403, 407, 430, 458], "excluded_lines": [53], "functions": {"_get_agent": {"executed_lines": [40, 41, 42, 43], "summary": {"covered_lines": 4, "num_statements": 4, "percent_covered": 100.0, "percent_covered_display": "100", "missing_lines": 0, "excluded_lines": 0, "percent_statements_covered": 100.0, "percent_statements_covered_display": "100"}, "missing_lines": [], "excluded_lines": [], "start_line": 37}, "_check_auth": {"executed_lines": [56, 58, 59], "summary": {"covered_lines": 3, "num_statements": 4, "percent_covered": 75.0, "percent_covered_display": "75", "missing_lines": 1, "excluded_lines": 1, "percent_statements_covered": 75.0, "percent_statements_covered_display": "75"}, "missing_lines": [57], "excluded_lines": [53], "start_line": 52}, "_check_secret_command": {"executed_lines": [68, 69, 71, 73, 76, 80, 87, 89, 90, 94, 101], "summary": {"covered_lines": 11, "num_statements": 11, "percent_covered": 100.0, "percent_covered_display": "100", "missing_lines": 0, "excluded_lines": 0, "percent_statements_covered": 100.0, "percent_statements_covered_display": "100"}, "missing_lines": [], "excluded_lines": [], "start_line": 62}, "_flush_and_respond": {"executed_lines": [110, 112, 113, 114, 116, 117, 118, 121, 122, 123, 127, 132, 134, 135, 138, 139, 143, 144, 149, 166, 167, 168, 169, 177], "summary": {"covered_lines": 24, "num_statements": 35, "percent_covered": 68.57142857142857, "percent_covered_display": "69", "missing_lines": 11, "excluded_lines": 0, "percent_statements_covered": 68.57142857142857, "percent_statements_covered_display": "69"}, "missing_lines": [115, 140, 150, 151, 152, 153, 157, 159, 160, 162, 163], "excluded_lines": [], "start_line": 104}, "chat": {"executed_lines": [197, 201, 203, 204, 205, 206, 207, 210, 211, 221, 223, 224, 226, 227, 228, 229, 231, 235, 236, 241, 257, 259, 260, 263, 264, 265, 266, 267, 270, 271, 275, 283, 284, 296, 297, 300, 301, 306, 309, 310, 311, 323, 324, 325, 326, 327, 328, 329, 330, 333, 336, 337, 339, 344, 345, 347, 350, 352, 353, 354, 355, 357, 358, 359, 360, 364, 377, 378, 388, 389, 390, 391, 394, 395, 396, 397, 398, 401, 402, 405, 406, 410, 413, 414, 415, 425, 426, 427, 429, 432, 433, 435, 440, 441, 443, 445, 447, 448, 449, 450, 451, 452, 453, 455, 456], "summary": {"covered_lines": 105, "num_statements": 120, "percent_covered": 87.5, "percent_covered_display": "88", "missing_lines": 15, "excluded_lines": 0, "percent_statements_covered": 87.5, "percent_statements_covered_display": "88"}, "missing_lines": [253, 258, 285, 286, 298, 302, 303, 334, 365, 369, 380, 403, 407, 430, 458], "excluded_lines": [], "start_line": 181}, "reset": {"executed_lines": [468, 469, 470, 471, 472], "summary": {"covered_lines": 5, "num_statements": 5, "percent_covered": 100.0, "percent_covered_display": "100", "missing_lines": 0, "excluded_lines": 0, "percent_statements_covered": 100.0, "percent_statements_covered_display": "100"}, "missing_lines": [], "excluded_lines": [], "start_line": 466}, "history": {"executed_lines": [478, 479, 480], "summary": {"covered_lines": 3, "num_statements": 3, "percent_covered": 100.0, "percent_covered_display": "100", "missing_lines": 0, "excluded_lines": 0, "percent_statements_covered": 100.0, "percent_statements_covered_display": "100"}, "missing_lines": [], "excluded_lines": [], "start_line": 476}, "sessions": {"executed_lines": [486, 487], "summary": {"covered_lines": 2, "num_statements": 2, "percent_covered": 100.0, "percent_covered_display": "100", "missing_lines": 0, "excluded_lines": 0, "percent_statements_covered": 100.0, "percent_statements_covered_display": "100"}, "missing_lines": [], "excluded_lines": [], "start_line": 484}, "": {"executed_lines": [6, 7, 8, 9, 11, 20, 21, 28, 29, 31, 34, 37, 48, 49, 52, 62, 104, 180, 181, 465, 466, 475, 476, 483, 484], "summary": {"covered_lines": 25, "num_statements": 25, "percent_covered": 100.0, "percent_covered_display": "100", "missing_lines": 0, "excluded_lines": 0, "percent_statements_covered": 100.0, "percent_statements_covered_display": "100"}, "missing_lines": [], "excluded_lines": [], "start_line": 1}}, "classes": {"": {"executed_lines": [6, 7, 8, 9, 11, 20, 21, 28, 29, 31, 34, 37, 40, 41, 42, 43, 48, 49, 52, 56, 58, 59, 62, 68, 69, 71, 73, 76, 80, 87, 89, 90, 94, 101, 104, 110, 112, 113, 114, 116, 117, 118, 121, 122, 123, 127, 132, 134, 135, 138, 139, 143, 144, 149, 166, 167, 168, 169, 177, 180, 181, 197, 201, 203, 204, 205, 206, 207, 210, 211, 221, 223, 224, 226, 227, 228, 229, 231, 235, 236, 241, 257, 259, 260, 263, 264, 265, 266, 267, 270, 271, 275, 283, 284, 296, 297, 300, 301, 306, 309, 310, 311, 323, 324, 325, 326, 327, 328, 329, 330, 333, 336, 337, 339, 344, 345, 347, 350, 352, 353, 354, 355, 357, 358, 359, 360, 364, 377, 378, 388, 389, 390, 391, 394, 395, 396, 397, 398, 401, 402, 405, 406, 410, 413, 414, 415, 425, 426, 427, 429, 432, 433, 435, 440, 441, 443, 445, 447, 448, 449, 450, 451, 452, 453, 455, 456, 465, 466, 468, 469, 470, 471, 472, 475, 476, 478, 479, 480, 483, 484, 486, 487], "summary": {"covered_lines": 182, "num_statements": 209, "percent_covered": 87.08133971291866, "percent_covered_display": "87", "missing_lines": 27, "excluded_lines": 1, "percent_statements_covered": 87.08133971291866, "percent_statements_covered_display": "87"}, "missing_lines": [57, 115, 140, 150, 151, 152, 153, 157, 159, 160, 162, 163, 253, 258, 285, 286, 298, 302, 303, 334, 365, 369, 380, 403, 407, 430, 458], "excluded_lines": [53], "start_line": 1}}}, "src/api/corrections_api.py": {"executed_lines": [5, 6, 7, 9, 10, 16, 19, 20, 40, 41, 88, 89, 104, 105, 114, 115, 125, 126], "summary": {"covered_lines": 18, "num_statements": 58, "percent_covered": 31.03448275862069, "percent_covered_display": "31", "missing_lines": 40, "excluded_lines": 0, "percent_statements_covered": 31.03448275862069, "percent_statements_covered_display": "31"}, "missing_lines": [25, 26, 28, 29, 32, 33, 34, 37, 47, 48, 49, 51, 52, 54, 68, 69, 70, 71, 74, 77, 78, 79, 80, 82, 83, 85, 94, 95, 97, 98, 100, 101, 110, 111, 120, 121, 122, 132, 133, 134], "excluded_lines": [], "functions": {"api_corrections_list": {"executed_lines": [], "summary": {"covered_lines": 0, "num_statements": 8, "percent_covered": 0.0, "percent_covered_display": "0", "missing_lines": 8, "excluded_lines": 0, "percent_statements_covered": 0.0, "percent_statements_covered_display": "0"}, "missing_lines": [25, 26, 28, 29, 32, 33, 34, 37], "excluded_lines": [], "start_line": 20}, "api_corrections_add": {"executed_lines": [], "summary": {"covered_lines": 0, "num_statements": 18, "percent_covered": 0.0, "percent_covered_display": "0", "missing_lines": 18, "excluded_lines": 0, "percent_statements_covered": 0.0, "percent_statements_covered_display": "0"}, "missing_lines": [47, 48, 49, 51, 52, 54, 68, 69, 70, 71, 74, 77, 78, 79, 80, 82, 83, 85], "excluded_lines": [], "start_line": 41}, "api_corrections_reincidence": {"executed_lines": [], "summary": {"covered_lines": 0, "num_statements": 6, "percent_covered": 0.0, "percent_covered_display": "0", "missing_lines": 6, "excluded_lines": 0, "percent_statements_covered": 0.0, "percent_statements_covered_display": "0"}, "missing_lines": [94, 95, 97, 98, 100, 101], "excluded_lines": [], "start_line": 89}, "api_corrections_sync": {"executed_lines": [], "summary": {"covered_lines": 0, "num_statements": 2, "percent_covered": 0.0, "percent_covered_display": "0", "missing_lines": 2, "excluded_lines": 0, "percent_statements_covered": 0.0, "percent_statements_covered_display": "0"}, "missing_lines": [110, 111], "excluded_lines": [], "start_line": 105}, "api_corrections_auto_archive": {"executed_lines": [], "summary": {"covered_lines": 0, "num_statements": 3, "percent_covered": 0.0, "percent_covered_display": "0", "missing_lines": 3, "excluded_lines": 0, "percent_statements_covered": 0.0, "percent_statements_covered_display": "0"}, "missing_lines": [120, 121, 122], "excluded_lines": [], "start_line": 115}, "api_corrections_analytics": {"executed_lines": [], "summary": {"covered_lines": 0, "num_statements": 3, "percent_covered": 0.0, "percent_covered_display": "0", "missing_lines": 3, "excluded_lines": 0, "percent_statements_covered": 0.0, "percent_statements_covered_display": "0"}, "missing_lines": [132, 133, 134], "excluded_lines": [], "start_line": 126}, "": {"executed_lines": [5, 6, 7, 9, 10, 16, 19, 20, 40, 41, 88, 89, 104, 105, 114, 115, 125, 126], "summary": {"covered_lines": 18, "num_statements": 18, "percent_covered": 100.0, "percent_covered_display": "100", "missing_lines": 0, "excluded_lines": 0, "percent_statements_covered": 100.0, "percent_statements_covered_display": "100"}, "missing_lines": [], "excluded_lines": [], "start_line": 1}}, "classes": {"": {"executed_lines": [5, 6, 7, 9, 10, 16, 19, 20, 40, 41, 88, 89, 104, 105, 114, 115, 125, 126], "summary": {"covered_lines": 18, "num_statements": 58, "percent_covered": 31.03448275862069, "percent_covered_display": "31", "missing_lines": 40, "excluded_lines": 0, "percent_statements_covered": 31.03448275862069, "percent_statements_covered_display": "31"}, "missing_lines": [25, 26, 28, 29, 32, 33, 34, 37, 47, 48, 49, 51, 52, 54, 68, 69, 70, 71, 74, 77, 78, 79, 80, 82, 83, 85, 94, 95, 97, 98, 100, 101, 110, 111, 120, 121, 122, 132, 133, 134], "excluded_lines": [], "start_line": 1}}}, "src/api/dashboard.py": {"executed_lines": [5, 7, 10, 11, 16, 17, 22, 23, 28, 29, 34, 35, 40, 41, 46, 47], "summary": {"covered_lines": 16, "num_statements": 23, "percent_covered": 69.56521739130434, "percent_covered_display": "70", "missing_lines": 7, "excluded_lines": 0, "percent_statements_covered": 69.56521739130434, "percent_statements_covered_display": "70"}, "missing_lines": [13, 19, 25, 31, 37, 43, 49], "excluded_lines": [], "functions": {"dashboard_sandbox": {"executed_lines": [], "summary": {"covered_lines": 0, "num_statements": 1, "percent_covered": 0.0, "percent_covered_display": "0", "missing_lines": 1, "excluded_lines": 0, "percent_statements_covered": 0.0, "percent_statements_covered_display": "0"}, "missing_lines": [13], "excluded_lines": [], "start_line": 11}, "dashboard_conversations": {"executed_lines": [], "summary": {"covered_lines": 0, "num_statements": 1, "percent_covered": 0.0, "percent_covered_display": "0", "missing_lines": 1, "excluded_lines": 0, "percent_statements_covered": 0.0, "percent_statements_covered_display": "0"}, "missing_lines": [19], "excluded_lines": [], "start_line": 17}, "dashboard_corrections": {"executed_lines": [], "summary": {"covered_lines": 0, "num_statements": 1, "percent_covered": 0.0, "percent_covered_display": "0", "missing_lines": 1, "excluded_lines": 0, "percent_statements_covered": 0.0, "percent_statements_covered_display": "0"}, "missing_lines": [25], "excluded_lines": [], "start_line": 23}, "dashboard_costs": {"executed_lines": [], "summary": {"covered_lines": 0, "num_statements": 1, "percent_covered": 0.0, "percent_covered_display": "0", "missing_lines": 1, "excluded_lines": 0, "percent_statements_covered": 0.0, "percent_statements_covered_display": "0"}, "missing_lines": [31], "excluded_lines": [], "start_line": 29}, "dashboard_analytics": {"executed_lines": [], "summary": {"covered_lines": 0, "num_statements": 1, "percent_covered": 0.0, "percent_covered_display": "0", "missing_lines": 1, "excluded_lines": 0, "percent_statements_covered": 0.0, "percent_statements_covered_display": "0"}, "missing_lines": [37], "excluded_lines": [], "start_line": 35}, "dashboard_backlog": {"executed_lines": [], "summary": {"covered_lines": 0, "num_statements": 1, "percent_covered": 0.0, "percent_covered_display": "0", "missing_lines": 1, "excluded_lines": 0, "percent_statements_covered": 0.0, "percent_statements_covered_display": "0"}, "missing_lines": [43], "excluded_lines": [], "start_line": 41}, "dashboard_logs": {"executed_lines": [], "summary": {"covered_lines": 0, "num_statements": 1, "percent_covered": 0.0, "percent_covered_display": "0", "missing_lines": 1, "excluded_lines": 0, "percent_statements_covered": 0.0, "percent_statements_covered_display": "0"}, "missing_lines": [49], "excluded_lines": [], "start_line": 47}, "": {"executed_lines": [5, 7, 10, 11, 16, 17, 22, 23, 28, 29, 34, 35, 40, 41, 46, 47], "summary": {"covered_lines": 16, "num_statements": 16, "percent_covered": 100.0, "percent_covered_display": "100", "missing_lines": 0, "excluded_lines": 0, "percent_statements_covered": 100.0, "percent_statements_covered_display": "100"}, "missing_lines": [], "excluded_lines": [], "start_line": 1}}, "classes": {"": {"executed_lines": [5, 7, 10, 11, 16, 17, 22, 23, 28, 29, 34, 35, 40, 41, 46, 47], "summary": {"covered_lines": 16, "num_statements": 23, "percent_covered": 69.56521739130434, "percent_covered_display": "70", "missing_lines": 7, "excluded_lines": 0, "percent_statements_covered": 69.56521739130434, "percent_statements_covered_display": "70"}, "missing_lines": [13, 19, 25, 31, 37, 43, 49], "excluded_lines": [], "start_line": 1}}}, "src/api/escalation_api.py": {"executed_lines": [5, 7, 8, 10, 13, 14, 34, 35, 46, 47, 58, 59], "summary": {"covered_lines": 12, "num_statements": 32, "percent_covered": 37.5, "percent_covered_display": "38", "missing_lines": 20, "excluded_lines": 0, "percent_statements_covered": 37.5, "percent_statements_covered_display": "38"}, "missing_lines": [19, 20, 21, 23, 24, 26, 27, 28, 37, 38, 43, 52, 53, 54, 55, 64, 67, 70, 71, 73], "excluded_lines": [], "functions": {"escalation_resolve": {"executed_lines": [], "summary": {"covered_lines": 0, "num_statements": 8, "percent_covered": 0.0, "percent_covered_display": "0", "missing_lines": 8, "excluded_lines": 0, "percent_statements_covered": 0.0, "percent_statements_covered_display": "0"}, "missing_lines": [19, 20, 21, 23, 24, 26, 27, 28], "excluded_lines": [], "start_line": 14}, "leads_escalated": {"executed_lines": [], "summary": {"covered_lines": 0, "num_statements": 3, "percent_covered": 0.0, "percent_covered_display": "0", "missing_lines": 3, "excluded_lines": 0, "percent_statements_covered": 0.0, "percent_statements_covered_display": "0"}, "missing_lines": [37, 38, 43], "excluded_lines": [], "start_line": 35}, "api_escalations": {"executed_lines": [], "summary": {"covered_lines": 0, "num_statements": 4, "percent_covered": 0.0, "percent_covered_display": "0", "missing_lines": 4, "excluded_lines": 0, "percent_statements_covered": 0.0, "percent_statements_covered_display": "0"}, "missing_lines": [52, 53, 54, 55], "excluded_lines": [], "start_line": 47}, "api_lead_data": {"executed_lines": [], "summary": {"covered_lines": 0, "num_statements": 5, "percent_covered": 0.0, "percent_covered_display": "0", "missing_lines": 5, "excluded_lines": 0, "percent_statements_covered": 0.0, "percent_statements_covered_display": "0"}, "missing_lines": [64, 67, 70, 71, 73], "excluded_lines": [], "start_line": 59}, "": {"executed_lines": [5, 7, 8, 10, 13, 14, 34, 35, 46, 47, 58, 59], "summary": {"covered_lines": 12, "num_statements": 12, "percent_covered": 100.0, "percent_covered_display": "100", "missing_lines": 0, "excluded_lines": 0, "percent_statements_covered": 100.0, "percent_statements_covered_display": "100"}, "missing_lines": [], "excluded_lines": [], "start_line": 1}}, "classes": {"": {"executed_lines": [5, 7, 8, 10, 13, 14, 34, 35, 46, 47, 58, 59], "summary": {"covered_lines": 12, "num_statements": 32, "percent_covered": 37.5, "percent_covered_display": "38", "missing_lines": 20, "excluded_lines": 0, "percent_statements_covered": 37.5, "percent_statements_covered_display": "38"}, "missing_lines": [19, 20, 21, 23, 24, 26, 27, 28, 37, 38, 43, 52, 53, 54, 55, 64, 67, 70, 71, 73], "excluded_lines": [], "start_line": 1}}}, "src/api/health.py": {"executed_lines": [5, 7, 8, 10, 13, 14, 16, 19, 20, 22, 23, 24, 27, 28, 30, 32, 33, 39, 40, 42, 43, 44, 47, 48, 50, 51, 61, 62, 64, 65, 66, 67, 68, 69, 70, 71, 72, 73, 74, 75, 78, 79, 86, 87, 90, 91, 92, 93, 95, 96, 99, 100, 102, 103, 104, 118, 121, 122, 124, 126, 128, 129, 130, 132, 133, 134, 136, 143, 144, 146, 147, 149, 150, 151, 152, 154, 157, 158, 160, 162, 171, 174, 175, 177, 179, 180, 181, 184, 185, 187, 188, 191, 192, 194, 196, 197, 198, 199, 201, 202, 203, 204, 205, 206, 207, 208, 209, 210, 211, 216, 217, 219, 221, 228, 231, 232, 234, 236, 237, 238, 241, 242, 244, 246, 247, 248], "summary": {"covered_lines": 126, "num_statements": 129, "percent_covered": 97.67441860465117, "percent_covered_display": "98", "missing_lines": 3, "excluded_lines": 0, "percent_statements_covered": 97.67441860465117, "percent_statements_covered_display": "98"}, "missing_lines": [105, 106, 107], "excluded_lines": [], "functions": {"health": {"executed_lines": [16], "summary": {"covered_lines": 1, "num_statements": 1, "percent_covered": 100.0, "percent_covered_display": "100", "missing_lines": 0, "excluded_lines": 0, "percent_statements_covered": 100.0, "percent_statements_covered_display": "100"}, "missing_lines": [], "excluded_lines": [], "start_line": 14}, "health_hubspot": {"executed_lines": [22, 23, 24], "summary": {"covered_lines": 3, "num_statements": 3, "percent_covered": 100.0, "percent_covered_display": "100", "missing_lines": 0, "excluded_lines": 0, "percent_statements_covered": 100.0, "percent_statements_covered_display": "100"}, "missing_lines": [], "excluded_lines": [], "start_line": 20}, "health_security": {"executed_lines": [30, 32, 33], "summary": {"covered_lines": 3, "num_statements": 3, "percent_covered": 100.0, "percent_covered_display": "100", "missing_lines": 0, "excluded_lines": 0, "percent_statements_covered": 100.0, "percent_statements_covered_display": "100"}, "missing_lines": [], "excluded_lines": [], "start_line": 28}, "health_db": {"executed_lines": [42, 43, 44], "summary": {"covered_lines": 3, "num_statements": 3, "percent_covered": 100.0, "percent_covered_display": "100", "missing_lines": 0, "excluded_lines": 0, "percent_statements_covered": 100.0, "percent_statements_covered_display": "100"}, "missing_lines": [], "excluded_lines": [], "start_line": 40}, "health_memory": {"executed_lines": [50, 51], "summary": {"covered_lines": 2, "num_statements": 2, "percent_covered": 100.0, "percent_covered_display": "100", "missing_lines": 0, "excluded_lines": 0, "percent_statements_covered": 100.0, "percent_statements_covered_display": "100"}, "missing_lines": [], "excluded_lines": [], "start_line": 48}, "health_wild_memory": {"executed_lines": [64, 65, 66, 67, 68, 69, 70, 71, 72, 73, 74, 75], "summary": {"covered_lines": 12, "num_statements": 12, "percent_covered": 100.0, "percent_covered_display": "100", "missing_lines": 0, "excluded_lines": 0, "percent_statements_covered": 100.0, "percent_statements_covered_display": "100"}, "missing_lines": [], "excluded_lines": [], "start_line": 62}, "wild_memory_cron": {"executed_lines": [86, 87, 90, 91, 92, 93, 95, 96], "summary": {"covered_lines": 8, "num_statements": 8, "percent_covered": 100.0, "percent_covered_display": "100", "missing_lines": 0, "excluded_lines": 0, "percent_statements_covered": 100.0, "percent_statements_covered_display": "100"}, "missing_lines": [], "excluded_lines": [], "start_line": 79}, "api_metrics": {"executed_lines": [102, 103, 104, 118], "summary": {"covered_lines": 4, "num_statements": 7, "percent_covered": 57.142857142857146, "percent_covered_display": "57", "missing_lines": 3, "excluded_lines": 0, "percent_statements_covered": 57.142857142857146, "percent_statements_covered_display": "57"}, "missing_lines": [105, 106, 107], "excluded_lines": [], "start_line": 100}, "api_config_update": {"executed_lines": [124, 126, 128, 129, 130, 132, 133, 134, 136], "summary": {"covered_lines": 9, "num_statements": 9, "percent_covered": 100.0, "percent_covered_display": "100", "missing_lines": 0, "excluded_lines": 0, "percent_statements_covered": 100.0, "percent_statements_covered_display": "100"}, "missing_lines": [], "excluded_lines": [], "start_line": 122}, "api_logs": {"executed_lines": [146, 147, 149, 150, 151, 152, 154], "summary": {"covered_lines": 7, "num_statements": 7, "percent_covered": 100.0, "percent_covered_display": "100", "missing_lines": 0, "excluded_lines": 0, "percent_statements_covered": 100.0, "percent_statements_covered_display": "100"}, "missing_lines": [], "excluded_lines": [], "start_line": 144}, "api_logs_history": {"executed_lines": [160, 162, 171], "summary": {"covered_lines": 3, "num_statements": 3, "percent_covered": 100.0, "percent_covered_display": "100", "missing_lines": 0, "excluded_lines": 0, "percent_statements_covered": 100.0, "percent_statements_covered_display": "100"}, "missing_lines": [], "excluded_lines": [], "start_line": 158}, "api_logs_stats": {"executed_lines": [177, 179, 180, 181], "summary": {"covered_lines": 4, "num_statements": 4, "percent_covered": 100.0, "percent_covered_display": "100", "missing_lines": 0, "excluded_lines": 0, "percent_statements_covered": 100.0, "percent_statements_covered_display": "100"}, "missing_lines": [], "excluded_lines": [], "start_line": 175}, "api_logs_sources": {"executed_lines": [187, 188], "summary": {"covered_lines": 2, "num_statements": 2, "percent_covered": 100.0, "percent_covered_display": "100", "missing_lines": 0, "excluded_lines": 0, "percent_statements_covered": 100.0, "percent_statements_covered_display": "100"}, "missing_lines": [], "excluded_lines": [], "start_line": 185}, "api_logs_cleanup": {"executed_lines": [194, 196, 197, 198, 199, 201, 202, 203, 204, 205, 206, 207, 208, 209, 210, 211], "summary": {"covered_lines": 16, "num_statements": 16, "percent_covered": 100.0, "percent_covered_display": "100", "missing_lines": 0, "excluded_lines": 0, "percent_statements_covered": 100.0, "percent_statements_covered_display": "100"}, "missing_lines": [], "excluded_lines": [], "start_line": 192}, "api_metrics_history": {"executed_lines": [219, 221, 228], "summary": {"covered_lines": 3, "num_statements": 3, "percent_covered": 100.0, "percent_covered_display": "100", "missing_lines": 0, "excluded_lines": 0, "percent_statements_covered": 100.0, "percent_statements_covered_display": "100"}, "missing_lines": [], "excluded_lines": [], "start_line": 217}, "api_metrics_daily": {"executed_lines": [234, 236, 237, 238], "summary": {"covered_lines": 4, "num_statements": 4, "percent_covered": 100.0, "percent_covered_display": "100", "missing_lines": 0, "excluded_lines": 0, "percent_statements_covered": 100.0, "percent_statements_covered_display": "100"}, "missing_lines": [], "excluded_lines": [], "start_line": 232}, "api_metrics_totals": {"executed_lines": [244, 246, 247, 248], "summary": {"covered_lines": 4, "num_statements": 4, "percent_covered": 100.0, "percent_covered_display": "100", "missing_lines": 0, "excluded_lines": 0, "percent_statements_covered": 100.0, "percent_statements_covered_display": "100"}, "missing_lines": [], "excluded_lines": [], "start_line": 242}, "": {"executed_lines": [5, 7, 8, 10, 13, 14, 19, 20, 27, 28, 39, 40, 47, 48, 61, 62, 78, 79, 99, 100, 121, 122, 143, 144, 157, 158, 174, 175, 184, 185, 191, 192, 216, 217, 231, 232, 241, 242], "summary": {"covered_lines": 38, "num_statements": 38, "percent_covered": 100.0, "percent_covered_display": "100", "missing_lines": 0, "excluded_lines": 0, "percent_statements_covered": 100.0, "percent_statements_covered_display": "100"}, "missing_lines": [], "excluded_lines": [], "start_line": 1}}, "classes": {"": {"executed_lines": [5, 7, 8, 10, 13, 14, 16, 19, 20, 22, 23, 24, 27, 28, 30, 32, 33, 39, 40, 42, 43, 44, 47, 48, 50, 51, 61, 62, 64, 65, 66, 67, 68, 69, 70, 71, 72, 73, 74, 75, 78, 79, 86, 87, 90, 91, 92, 93, 95, 96, 99, 100, 102, 103, 104, 118, 121, 122, 124, 126, 128, 129, 130, 132, 133, 134, 136, 143, 144, 146, 147, 149, 150, 151, 152, 154, 157, 158, 160, 162, 171, 174, 175, 177, 179, 180, 181, 184, 185, 187, 188, 191, 192, 194, 196, 197, 198, 199, 201, 202, 203, 204, 205, 206, 207, 208, 209, 210, 211, 216, 217, 219, 221, 228, 231, 232, 234, 236, 237, 238, 241, 242, 244, 246, 247, 248], "summary": {"covered_lines": 126, "num_statements": 129, "percent_covered": 97.67441860465117, "percent_covered_display": "98", "missing_lines": 3, "excluded_lines": 0, "percent_statements_covered": 97.67441860465117, "percent_statements_covered_display": "98"}, "missing_lines": [105, 106, 107], "excluded_lines": [], "start_line": 1}}}, "src/api/hubspot_api.py": {"executed_lines": [5, 7, 8, 9, 11, 14, 15, 20, 21, 49, 50], "summary": {"covered_lines": 11, "num_statements": 26, "percent_covered": 42.30769230769231, "percent_covered_display": "42", "missing_lines": 15, "excluded_lines": 0, "percent_statements_covered": 42.30769230769231, "percent_statements_covered_display": "42"}, "missing_lines": [17, 26, 27, 32, 35, 36, 37, 39, 41, 46, 56, 57, 59, 60, 61], "excluded_lines": [], "functions": {"api_hubspot_status": {"executed_lines": [], "summary": {"covered_lines": 0, "num_statements": 1, "percent_covered": 0.0, "percent_covered_display": "0", "missing_lines": 1, "excluded_lines": 0, "percent_statements_covered": 0.0, "percent_statements_covered_display": "0"}, "missing_lines": [17], "excluded_lines": [], "start_line": 15}, "api_hubspot_sync": {"executed_lines": [], "summary": {"covered_lines": 0, "num_statements": 9, "percent_covered": 0.0, "percent_covered_display": "0", "missing_lines": 9, "excluded_lines": 0, "percent_statements_covered": 0.0, "percent_statements_covered_display": "0"}, "missing_lines": [26, 27, 32, 35, 36, 37, 39, 41, 46], "excluded_lines": [], "start_line": 21}, "api_hubspot_mapping": {"executed_lines": [], "summary": {"covered_lines": 0, "num_statements": 5, "percent_covered": 0.0, "percent_covered_display": "0", "missing_lines": 5, "excluded_lines": 0, "percent_statements_covered": 0.0, "percent_statements_covered_display": "0"}, "missing_lines": [56, 57, 59, 60, 61], "excluded_lines": [], "start_line": 50}, "": {"executed_lines": [5, 7, 8, 9, 11, 14, 15, 20, 21, 49, 50], "summary": {"covered_lines": 11, "num_statements": 11, "percent_covered": 100.0, "percent_covered_display": "100", "missing_lines": 0, "excluded_lines": 0, "percent_statements_covered": 100.0, "percent_statements_covered_display": "100"}, "missing_lines": [], "excluded_lines": [], "start_line": 1}}, "classes": {"": {"executed_lines": [5, 7, 8, 9, 11, 14, 15, 20, 21, 49, 50], "summary": {"covered_lines": 11, "num_statements": 26, "percent_covered": 42.30769230769231, "percent_covered_display": "42", "missing_lines": 15, "excluded_lines": 0, "percent_statements_covered": 42.30769230769231, "percent_statements_covered_display": "42"}, "missing_lines": [17, 26, 27, 32, 35, 36, 37, 39, 41, 46, 56, 57, 59, 60, 61], "excluded_lines": [], "start_line": 1}}}, "src/api/webhooks.py": {"executed_lines": [6, 7, 8, 9, 10, 11, 12, 14, 19, 20, 27, 28, 29, 30, 32, 35, 36, 39, 91, 92, 97, 98, 101, 106, 107, 108, 112, 114, 115, 116, 118, 121, 122, 123, 124, 127, 128, 129, 131, 132, 133, 134, 137, 138, 139, 140, 141, 142, 143, 144, 147, 148, 152, 155, 158, 159, 160, 162, 163, 165, 166, 168, 173, 174, 177, 181, 182, 183, 186, 189, 191, 192, 193, 194, 197, 198, 199, 200, 201, 204, 206, 207, 208, 209, 210, 211, 214, 215, 221, 224, 229, 230, 231, 232, 240, 242, 250, 257, 258, 267, 268, 269, 270, 278, 280, 282, 283, 285, 292, 295, 297, 298, 299, 304], "summary": {"covered_lines": 114, "num_statements": 142, "percent_covered": 80.28169014084507, "percent_covered_display": "80", "missing_lines": 28, "excluded_lines": 0, "percent_statements_covered": 80.28169014084507, "percent_statements_covered_display": "80"}, "missing_lines": [44, 46, 47, 48, 49, 50, 51, 53, 54, 55, 60, 61, 62, 63, 64, 66, 67, 68, 71, 72, 77, 78, 79, 80, 81, 86, 87, 88], "excluded_lines": [], "functions": {"_zapi_flush": {"executed_lines": [], "summary": {"covered_lines": 0, "num_statements": 28, "percent_covered": 0.0, "percent_covered_display": "0", "missing_lines": 28, "excluded_lines": 0, "percent_statements_covered": 0.0, "percent_statements_covered_display": "0"}, "missing_lines": [44, 46, 47, 48, 49, 50, 51, 53, 54, 55, 60, 61, 62, 63, 64, 66, 67, 68, 71, 72, 77, 78, 79, 80, 81, 86, 87, 88], "excluded_lines": [], "start_line": 39}, "webhook_zapi": {"executed_lines": [97, 98, 101, 106, 107, 108, 112, 114, 115, 116, 118, 121, 122, 123, 124, 127, 128, 129, 131, 132, 133, 134, 137, 138, 139, 140, 141, 142, 143, 144, 147, 148, 152, 155, 158, 159, 160, 162, 163, 165, 166, 168, 173, 174, 177], "summary": {"covered_lines": 45, "num_statements": 45, "percent_covered": 100.0, "percent_covered_display": "100", "missing_lines": 0, "excluded_lines": 0, "percent_statements_covered": 100.0, "percent_statements_covered_display": "100"}, "missing_lines": [], "excluded_lines": [], "start_line": 92}, "_form_rate_limiter": {"executed_lines": [191, 192, 193, 194, 197, 198, 199, 200, 201], "summary": {"covered_lines": 9, "num_statements": 9, "percent_covered": 100.0, "percent_covered_display": "100", "missing_lines": 0, "excluded_lines": 0, "percent_statements_covered": 100.0, "percent_statements_covered_display": "100"}, "missing_lines": [], "excluded_lines": [], "start_line": 189}, "_normalize_phone": {"executed_lines": [206, 207, 208, 209, 210, 211], "summary": {"covered_lines": 6, "num_statements": 6, "percent_covered": 100.0, "percent_covered_display": "100", "missing_lines": 0, "excluded_lines": 0, "percent_statements_covered": 100.0, "percent_statements_covered_display": "100"}, "missing_lines": [], "excluded_lines": [], "start_line": 204}, "webhook_form": {"executed_lines": [221, 224, 229, 230, 231, 232, 240, 242, 250, 257, 258, 267, 268, 269, 270, 278, 280, 282, 283, 285, 292, 295, 297, 298, 299, 304], "summary": {"covered_lines": 26, "num_statements": 26, "percent_covered": 100.0, "percent_covered_display": "100", "missing_lines": 0, "excluded_lines": 0, "percent_statements_covered": 100.0, "percent_statements_covered_display": "100"}, "missing_lines": [], "excluded_lines": [], "start_line": 215}, "": {"executed_lines": [6, 7, 8, 9, 10, 11, 12, 14, 19, 20, 27, 28, 29, 30, 32, 35, 36, 39, 91, 92, 181, 182, 183, 186, 189, 204, 214, 215], "summary": {"covered_lines": 28, "num_statements": 28, "percent_covered": 100.0, "percent_covered_display": "100", "missing_lines": 0, "excluded_lines": 0, "percent_statements_covered": 100.0, "percent_statements_covered_display": "100"}, "missing_lines": [], "excluded_lines": [], "start_line": 1}}, "classes": {"": {"executed_lines": [6, 7, 8, 9, 10, 11, 12, 14, 19, 20, 27, 28, 29, 30, 32, 35, 36, 39, 91, 92, 97, 98, 101, 106, 107, 108, 112, 114, 115, 116, 118, 121, 122, 123, 124, 127, 128, 129, 131, 132, 133, 134, 137, 138, 139, 140, 141, 142, 143, 144, 147, 148, 152, 155, 158, 159, 160, 162, 163, 165, 166, 168, 173, 174, 177, 181, 182, 183, 186, 189, 191, 192, 193, 194, 197, 198, 199, 200, 201, 204, 206, 207, 208, 209, 210, 211, 214, 215, 221, 224, 229, 230, 231, 232, 240, 242, 250, 257, 258, 267, 268, 269, 270, 278, 280, 282, 283, 285, 292, 295, 297, 298, 299, 304], "summary": {"covered_lines": 114, "num_statements": 142, "percent_covered": 80.28169014084507, "percent_covered_display": "80", "missing_lines": 28, "excluded_lines": 0, "percent_statements_covered": 80.28169014084507, "percent_statements_covered_display": "80"}, "missing_lines": [44, 46, 47, 48, 49, 50, 51, 53, 54, 55, 60, 61, 62, 63, 64, 66, 67, 68, 71, 72, 77, 78, 79, 80, 81, 86, 87, 88], "excluded_lines": [], "start_line": 1}}}, "src/app.py": {"executed_lines": [8, 9, 12, 15, 17, 24, 25, 26, 31, 32, 35, 36, 37, 42, 43, 44, 45, 51, 52, 53, 59, 60, 63, 68], "summary": {"covered_lines": 24, "num_statements": 33, "percent_covered": 72.72727272727273, "percent_covered_display": "73", "missing_lines": 9, "excluded_lines": 2, "percent_statements_covered": 72.72727272727273, "percent_statements_covered_display": "73"}, "missing_lines": [27, 38, 46, 47, 48, 54, 55, 56, 61], "excluded_lines": [28, 39], "functions": {"create_app": {"executed_lines": [17, 24, 25, 26, 31, 32, 35, 36, 37, 42, 43, 44, 45, 51, 52, 53, 59, 60, 63], "summary": {"covered_lines": 19, "num_statements": 27, "percent_covered": 70.37037037037037, "percent_covered_display": "70", "missing_lines": 8, "excluded_lines": 2, "percent_statements_covered": 70.37037037037037, "percent_statements_covered_display": "70"}, "missing_lines": [27, 38, 46, 47, 48, 54, 55, 56], "excluded_lines": [28, 39], "start_line": 15}, "create_app.index": {"executed_lines": [], "summary": {"covered_lines": 0, "num_statements": 1, "percent_covered": 0.0, "percent_covered_display": "0", "missing_lines": 1, "excluded_lines": 0, "percent_statements_covered": 0.0, "percent_statements_covered_display": "0"}, "missing_lines": [61], "excluded_lines": [], "start_line": 60}, "": {"executed_lines": [8, 9, 12, 15, 68], "summary": {"covered_lines": 5, "num_statements": 5, "percent_covered": 100.0, "percent_covered_display": "100", "missing_lines": 0, "excluded_lines": 0, "percent_statements_covered": 100.0, "percent_statements_covered_display": "100"}, "missing_lines": [], "excluded_lines": [], "start_line": 1}}, "classes": {"": {"executed_lines": [8, 9, 12, 15, 17, 24, 25, 26, 31, 32, 35, 36, 37, 42, 43, 44, 45, 51, 52, 53, 59, 60, 63, 68], "summary": {"covered_lines": 24, "num_statements": 33, "percent_covered": 72.72727272727273, "percent_covered_display": "73", "missing_lines": 9, "excluded_lines": 2, "percent_statements_covered": 72.72727272727273, "percent_statements_covered_display": "73"}, "missing_lines": [27, 38, 46, 47, 48, 54, 55, 56, 61], "excluded_lines": [28, 39], "start_line": 1}}}, "src/config.py": {"executed_lines": [8, 9, 11, 14, 17, 18, 19, 22, 23, 24, 27, 28, 29, 33, 36, 37, 38, 42, 45, 46, 49, 50, 51, 54, 55, 56, 59, 60, 61], "summary": {"covered_lines": 29, "num_statements": 29, "percent_covered": 100.0, "percent_covered_display": "100", "missing_lines": 0, "excluded_lines": 0, "percent_statements_covered": 100.0, "percent_statements_covered_display": "100"}, "missing_lines": [], "excluded_lines": [], "functions": {"": {"executed_lines": [8, 9, 11, 14, 17, 18, 19, 22, 23, 24, 27, 28, 29, 33, 36, 37, 38, 42, 45, 46, 49, 50, 51, 54, 55, 56, 59, 60, 61], "summary": {"covered_lines": 29, "num_statements": 29, "percent_covered": 100.0, "percent_covered_display": "100", "missing_lines": 0, "excluded_lines": 0, "percent_statements_covered": 100.0, "percent_statements_covered_display": "100"}, "missing_lines": [], "excluded_lines": [], "start_line": 1}}, "classes": {"": {"executed_lines": [8, 9, 11, 14, 17, 18, 19, 22, 23, 24, 27, 28, 29, 33, 36, 37, 38, 42, 45, 46, 49, 50, 51, 54, 55, 56, 59, 60, 61], "summary": {"covered_lines": 29, "num_statements": 29, "percent_covered": 100.0, "percent_covered_display": "100", "missing_lines": 0, "excluded_lines": 0, "percent_statements_covered": 100.0, "percent_statements_covered_display": "100"}, "missing_lines": [], "excluded_lines": [], "start_line": 1}}}, "src/core/__init__.py": {"executed_lines": [], "summary": {"covered_lines": 0, "num_statements": 0, "percent_covered": 100.0, "percent_covered_display": "100", "missing_lines": 0, "excluded_lines": 0, "percent_statements_covered": 100.0, "percent_statements_covered_display": "100"}, "missing_lines": [], "excluded_lines": [], "functions": {"": {"executed_lines": [], "summary": {"covered_lines": 0, "num_statements": 0, "percent_covered": 100.0, "percent_covered_display": "100", "missing_lines": 0, "excluded_lines": 0, "percent_statements_covered": 100.0, "percent_statements_covered_display": "100"}, "missing_lines": [], "excluded_lines": [], "start_line": 1}}, "classes": {"": {"executed_lines": [], "summary": {"covered_lines": 0, "num_statements": 0, "percent_covered": 100.0, "percent_covered_display": "100", "missing_lines": 0, "excluded_lines": 0, "percent_statements_covered": 100.0, "percent_statements_covered_display": "100"}, "missing_lines": [], "excluded_lines": [], "start_line": 1}}}, "src/core/database/__init__.py": {"executed_lines": [5, 6, 7, 8, 10, 11, 14, 16, 21], "summary": {"covered_lines": 9, "num_statements": 9, "percent_covered": 100.0, "percent_covered_display": "100", "missing_lines": 0, "excluded_lines": 0, "percent_statements_covered": 100.0, "percent_statements_covered_display": "100"}, "missing_lines": [], "excluded_lines": [], "functions": {"": {"executed_lines": [5, 6, 7, 8, 10, 11, 14, 16, 21], "summary": {"covered_lines": 9, "num_statements": 9, "percent_covered": 100.0, "percent_covered_display": "100", "missing_lines": 0, "excluded_lines": 0, "percent_statements_covered": 100.0, "percent_statements_covered_display": "100"}, "missing_lines": [], "excluded_lines": [], "start_line": 1}}, "classes": {"": {"executed_lines": [5, 6, 7, 8, 10, 11, 14, 16, 21], "summary": {"covered_lines": 9, "num_statements": 9, "percent_covered": 100.0, "percent_covered_display": "100", "missing_lines": 0, "excluded_lines": 0, "percent_statements_covered": 100.0, "percent_statements_covered_display": "100"}, "missing_lines": [], "excluded_lines": [], "start_line": 1}}}, "src/core/database/analytics.py": {"executed_lines": [5, 6, 7, 8, 11, 16, 17, 18, 20, 21, 22, 25, 26, 27, 28, 30, 33, 38, 39, 40, 41, 42, 45, 48, 49, 50, 52, 63, 69, 70, 71, 73, 74, 79, 81, 83, 84, 85, 86, 87, 88, 90, 91, 92, 93, 95, 96, 97, 102, 103, 104, 105, 110, 116, 121, 122, 123, 125, 126, 135, 138, 149, 150, 151, 153, 154, 155, 156, 159, 161, 170, 180, 181, 182, 184, 186, 193, 194, 196, 197, 200, 201, 202, 203, 204, 205, 206, 209, 210, 211, 212, 213, 219, 220, 224, 225, 226, 227, 228, 231, 234, 237, 238, 239, 244, 250, 251, 253, 255, 269, 271, 273], "summary": {"covered_lines": 112, "num_statements": 128, "percent_covered": 87.5, "percent_covered_display": "88", "missing_lines": 16, "excluded_lines": 1, "percent_statements_covered": 87.5, "percent_statements_covered_display": "88"}, "missing_lines": [58, 59, 60, 98, 99, 111, 112, 113, 165, 166, 167, 221, 241, 278, 279, 280], "excluded_lines": [222], "functions": {"analytics_funnel": {"executed_lines": [16, 17, 18, 20, 21, 22, 25, 26, 27, 28, 30, 33, 38, 39, 40, 41, 42, 45, 48, 49, 50, 52], "summary": {"covered_lines": 22, "num_statements": 25, "percent_covered": 88.0, "percent_covered_display": "88", "missing_lines": 3, "excluded_lines": 0, "percent_statements_covered": 88.0, "percent_statements_covered_display": "88"}, "missing_lines": [58, 59, 60], "excluded_lines": [], "start_line": 11}, "analytics_time_per_stage": {"executed_lines": [69, 70, 71, 73, 74, 79, 81, 83, 84, 85, 86, 87, 88, 90, 91, 92, 93, 95, 96, 97, 102, 103, 104, 105, 110], "summary": {"covered_lines": 25, "num_statements": 30, "percent_covered": 83.33333333333333, "percent_covered_display": "83", "missing_lines": 5, "excluded_lines": 0, "percent_statements_covered": 83.33333333333333, "percent_statements_covered_display": "83"}, "missing_lines": [98, 99, 111, 112, 113], "excluded_lines": [], "start_line": 63}, "analytics_keywords": {"executed_lines": [121, 122, 123, 125, 126, 135, 138, 149, 150, 151, 153, 154, 155, 156, 159, 161], "summary": {"covered_lines": 16, "num_statements": 19, "percent_covered": 84.21052631578948, "percent_covered_display": "84", "missing_lines": 3, "excluded_lines": 0, "percent_statements_covered": 84.21052631578948, "percent_statements_covered_display": "84"}, "missing_lines": [165, 166, 167], "excluded_lines": [], "start_line": 116}, "analytics_conversation_quality": {"executed_lines": [180, 181, 182, 184, 186, 193, 194, 196, 197, 200, 201, 202, 203, 204, 205, 206, 209, 210, 211, 212, 213, 219, 220, 224, 225, 226, 227, 228, 231, 234, 237, 238, 239, 244, 250, 251, 253, 255, 269, 271, 273], "summary": {"covered_lines": 41, "num_statements": 46, "percent_covered": 89.1304347826087, "percent_covered_display": "89", "missing_lines": 5, "excluded_lines": 1, "percent_statements_covered": 89.1304347826087, "percent_statements_covered_display": "89"}, "missing_lines": [221, 241, 278, 279, 280], "excluded_lines": [222], "start_line": 170}, "": {"executed_lines": [5, 6, 7, 8, 11, 63, 116, 170], "summary": {"covered_lines": 8, "num_statements": 8, "percent_covered": 100.0, "percent_covered_display": "100", "missing_lines": 0, "excluded_lines": 0, "percent_statements_covered": 100.0, "percent_statements_covered_display": "100"}, "missing_lines": [], "excluded_lines": [], "start_line": 1}}, "classes": {"": {"executed_lines": [5, 6, 7, 8, 11, 16, 17, 18, 20, 21, 22, 25, 26, 27, 28, 30, 33, 38, 39, 40, 41, 42, 45, 48, 49, 50, 52, 63, 69, 70, 71, 73, 74, 79, 81, 83, 84, 85, 86, 87, 88, 90, 91, 92, 93, 95, 96, 97, 102, 103, 104, 105, 110, 116, 121, 122, 123, 125, 126, 135, 138, 149, 150, 151, 153, 154, 155, 156, 159, 161, 170, 180, 181, 182, 184, 186, 193, 194, 196, 197, 200, 201, 202, 203, 204, 205, 206, 209, 210, 211, 212, 213, 219, 220, 224, 225, 226, 227, 228, 231, 234, 237, 238, 239, 244, 250, 251, 253, 255, 269, 271, 273], "summary": {"covered_lines": 112, "num_statements": 128, "percent_covered": 87.5, "percent_covered_display": "88", "missing_lines": 16, "excluded_lines": 1, "percent_statements_covered": 87.5, "percent_statements_covered_display": "88"}, "missing_lines": [58, 59, 60, 98, 99, 111, 112, 113, 165, 166, 167, 221, 241, 278, 279, 280], "excluded_lines": [222], "start_line": 1}}}, "src/core/database/backlog.py": {"executed_lines": [5, 6, 7, 8, 14, 16, 23, 25, 26, 27, 28, 29, 30, 31, 32, 33, 34, 37, 39, 40, 41, 42, 43, 44, 45, 51, 57, 58, 59, 60, 61, 67, 72, 73, 74, 75, 76, 77, 78, 79, 80, 81, 82, 83, 84, 85, 90, 91, 92, 93, 94, 95, 96, 98, 100, 101, 104, 106, 107, 122, 123, 126, 131, 132, 133, 135, 136, 139, 140, 141, 142, 143, 160, 161, 162, 163, 166, 167, 168, 169, 171, 172, 174, 177, 179, 181, 182, 191, 192, 193, 194, 195, 196, 199, 201, 202, 211, 212, 213, 214, 215, 216, 219, 221, 222, 228, 229, 230, 231, 234, 236, 237, 238, 239, 240, 241, 244, 258, 261, 262, 263, 264, 265, 266, 267, 268, 269, 272, 275, 277, 278, 279, 280, 281, 282, 284, 285, 293, 296, 298, 299, 301, 302, 303, 304, 306, 307, 308, 309, 310, 311, 312, 313, 314, 316, 317, 319, 324, 330, 332, 351, 483], "summary": {"covered_lines": 162, "num_statements": 215, "percent_covered": 75.34883720930233, "percent_covered_display": "75", "missing_lines": 53, "excluded_lines": 1, "percent_statements_covered": 75.34883720930233, "percent_statements_covered_display": "75"}, "missing_lines": [46, 47, 48, 86, 87, 97, 99, 108, 109, 116, 117, 118, 119, 183, 184, 187, 188, 203, 204, 207, 208, 223, 224, 225, 226, 246, 247, 248, 249, 250, 251, 252, 253, 254, 255, 270, 286, 287, 288, 291, 292, 357, 478, 479, 480, 485, 486, 487, 489, 490, 491, 493, 494], "excluded_lines": [271], "functions": {"_get_backlog_json_path": {"executed_lines": [16], "summary": {"covered_lines": 1, "num_statements": 1, "percent_covered": 100.0, "percent_covered_display": "100", "missing_lines": 0, "excluded_lines": 0, "percent_statements_covered": 100.0, "percent_statements_covered_display": "100"}, "missing_lines": [], "excluded_lines": [], "start_line": 14}, "_load_backlog_json": {"executed_lines": [25, 26, 27, 28, 29, 30, 31, 32, 33, 34], "summary": {"covered_lines": 10, "num_statements": 10, "percent_covered": 100.0, "percent_covered_display": "100", "missing_lines": 0, "excluded_lines": 0, "percent_statements_covered": 100.0, "percent_statements_covered_display": "100"}, "missing_lines": [], "excluded_lines": [], "start_line": 23}, "_save_backlog_json": {"executed_lines": [39, 40, 41, 42, 43, 44, 45], "summary": {"covered_lines": 7, "num_statements": 10, "percent_covered": 70.0, "percent_covered_display": "70", "missing_lines": 3, "excluded_lines": 0, "percent_statements_covered": 70.0, "percent_statements_covered_display": "70"}, "missing_lines": [46, 47, 48], "excluded_lines": [], "start_line": 37}, "_calc_rice": {"executed_lines": [57, 58, 59, 60, 61], "summary": {"covered_lines": 5, "num_statements": 5, "percent_covered": 100.0, "percent_covered_display": "100", "missing_lines": 0, "excluded_lines": 0, "percent_statements_covered": 100.0, "percent_statements_covered_display": "100"}, "missing_lines": [], "excluded_lines": [], "start_line": 51}, "load_backlog": {"executed_lines": [72, 73, 74, 75, 76, 77, 78, 79, 80, 81, 82, 83, 84, 85, 90, 91, 92, 93, 94, 95, 96, 98, 100, 101], "summary": {"covered_lines": 24, "num_statements": 28, "percent_covered": 85.71428571428571, "percent_covered_display": "86", "missing_lines": 4, "excluded_lines": 0, "percent_statements_covered": 85.71428571428571, "percent_statements_covered_display": "86"}, "missing_lines": [86, 87, 97, 99], "excluded_lines": [], "start_line": 67}, "load_trash": {"executed_lines": [106, 107, 122, 123], "summary": {"covered_lines": 4, "num_statements": 10, "percent_covered": 40.0, "percent_covered_display": "40", "missing_lines": 6, "excluded_lines": 0, "percent_statements_covered": 40.0, "percent_statements_covered_display": "40"}, "missing_lines": [108, 109, 116, 117, 118, 119], "excluded_lines": [], "start_line": 104}, "save_backlog_item": {"executed_lines": [131, 132, 133, 135, 136, 139, 140, 141, 142, 143, 160, 161, 162, 163, 166, 167, 168, 169, 171, 172, 174], "summary": {"covered_lines": 21, "num_statements": 21, "percent_covered": 100.0, "percent_covered_display": "100", "missing_lines": 0, "excluded_lines": 0, "percent_statements_covered": 100.0, "percent_statements_covered_display": "100"}, "missing_lines": [], "excluded_lines": [], "start_line": 126}, "delete_backlog_item": {"executed_lines": [179, 181, 182, 191, 192, 193, 194, 195, 196], "summary": {"covered_lines": 9, "num_statements": 13, "percent_covered": 69.23076923076923, "percent_covered_display": "69", "missing_lines": 4, "excluded_lines": 0, "percent_statements_covered": 69.23076923076923, "percent_statements_covered_display": "69"}, "missing_lines": [183, 184, 187, 188], "excluded_lines": [], "start_line": 177}, "restore_backlog_item": {"executed_lines": [201, 202, 211, 212, 213, 214, 215, 216], "summary": {"covered_lines": 8, "num_statements": 12, "percent_covered": 66.66666666666667, "percent_covered_display": "67", "missing_lines": 4, "excluded_lines": 0, "percent_statements_covered": 66.66666666666667, "percent_statements_covered_display": "67"}, "missing_lines": [203, 204, 207, 208], "excluded_lines": [], "start_line": 199}, "permanent_delete_item": {"executed_lines": [221, 222, 228, 229, 230, 231], "summary": {"covered_lines": 6, "num_statements": 10, "percent_covered": 60.0, "percent_covered_display": "60", "missing_lines": 4, "excluded_lines": 0, "percent_statements_covered": 60.0, "percent_statements_covered_display": "60"}, "missing_lines": [223, 224, 225, 226], "excluded_lines": [], "start_line": 219}, "empty_trash": {"executed_lines": [236, 237, 238, 239, 240, 241], "summary": {"covered_lines": 6, "num_statements": 6, "percent_covered": 100.0, "percent_covered_display": "100", "missing_lines": 0, "excluded_lines": 0, "percent_statements_covered": 100.0, "percent_statements_covered_display": "100"}, "missing_lines": [], "excluded_lines": [], "start_line": 234}, "auto_cleanup_trash": {"executed_lines": [], "summary": {"covered_lines": 0, "num_statements": 10, "percent_covered": 0.0, "percent_covered_display": "0", "missing_lines": 10, "excluded_lines": 0, "percent_statements_covered": 0.0, "percent_statements_covered_display": "0"}, "missing_lines": [246, 247, 248, 249, 250, 251, 252, 253, 254, 255], "excluded_lines": [], "start_line": 244}, "get_next_item_id": {"executed_lines": [261, 262, 263, 264, 265, 266, 267, 268, 269, 272], "summary": {"covered_lines": 10, "num_statements": 11, "percent_covered": 90.9090909090909, "percent_covered_display": "91", "missing_lines": 1, "excluded_lines": 1, "percent_statements_covered": 90.9090909090909, "percent_statements_covered_display": "91"}, "missing_lines": [270], "excluded_lines": [271], "start_line": 258}, "reorder_backlog": {"executed_lines": [277, 278, 279, 280, 281, 282, 284, 285, 293], "summary": {"covered_lines": 9, "num_statements": 14, "percent_covered": 64.28571428571429, "percent_covered_display": "64", "missing_lines": 5, "excluded_lines": 0, "percent_statements_covered": 64.28571428571429, "percent_statements_covered_display": "64"}, "missing_lines": [286, 287, 288, 291, 292], "excluded_lines": [], "start_line": 275}, "backlog_analytics": {"executed_lines": [298, 299, 301, 302, 303, 304, 306, 307, 308, 309, 310, 311, 312, 313, 314, 316, 317, 319, 324, 330, 332], "summary": {"covered_lines": 21, "num_statements": 21, "percent_covered": 100.0, "percent_covered_display": "100", "missing_lines": 0, "excluded_lines": 0, "percent_statements_covered": 100.0, "percent_statements_covered_display": "100"}, "missing_lines": [], "excluded_lines": [], "start_line": 296}, "_get_seed_data": {"executed_lines": [], "summary": {"covered_lines": 0, "num_statements": 4, "percent_covered": 0.0, "percent_covered_display": "0", "missing_lines": 4, "excluded_lines": 0, "percent_statements_covered": 0.0, "percent_statements_covered_display": "0"}, "missing_lines": [357, 478, 479, 480], "excluded_lines": [], "start_line": 351}, "seed_backlog_if_empty": {"executed_lines": [], "summary": {"covered_lines": 0, "num_statements": 8, "percent_covered": 0.0, "percent_covered_display": "0", "missing_lines": 8, "excluded_lines": 0, "percent_statements_covered": 0.0, "percent_statements_covered_display": "0"}, "missing_lines": [485, 486, 487, 489, 490, 491, 493, 494], "excluded_lines": [], "start_line": 483}, "": {"executed_lines": [5, 6, 7, 8, 14, 23, 37, 51, 67, 104, 126, 177, 199, 219, 234, 244, 258, 275, 296, 351, 483], "summary": {"covered_lines": 21, "num_statements": 21, "percent_covered": 100.0, "percent_covered_display": "100", "missing_lines": 0, "excluded_lines": 0, "percent_statements_covered": 100.0, "percent_statements_covered_display": "100"}, "missing_lines": [], "excluded_lines": [], "start_line": 1}}, "classes": {"": {"executed_lines": [5, 6, 7, 8, 14, 16, 23, 25, 26, 27, 28, 29, 30, 31, 32, 33, 34, 37, 39, 40, 41, 42, 43, 44, 45, 51, 57, 58, 59, 60, 61, 67, 72, 73, 74, 75, 76, 77, 78, 79, 80, 81, 82, 83, 84, 85, 90, 91, 92, 93, 94, 95, 96, 98, 100, 101, 104, 106, 107, 122, 123, 126, 131, 132, 133, 135, 136, 139, 140, 141, 142, 143, 160, 161, 162, 163, 166, 167, 168, 169, 171, 172, 174, 177, 179, 181, 182, 191, 192, 193, 194, 195, 196, 199, 201, 202, 211, 212, 213, 214, 215, 216, 219, 221, 222, 228, 229, 230, 231, 234, 236, 237, 238, 239, 240, 241, 244, 258, 261, 262, 263, 264, 265, 266, 267, 268, 269, 272, 275, 277, 278, 279, 280, 281, 282, 284, 285, 293, 296, 298, 299, 301, 302, 303, 304, 306, 307, 308, 309, 310, 311, 312, 313, 314, 316, 317, 319, 324, 330, 332, 351, 483], "summary": {"covered_lines": 162, "num_statements": 215, "percent_covered": 75.34883720930233, "percent_covered_display": "75", "missing_lines": 53, "excluded_lines": 1, "percent_statements_covered": 75.34883720930233, "percent_statements_covered_display": "75"}, "missing_lines": [46, 47, 48, 86, 87, 97, 99, 108, 109, 116, 117, 118, 119, 183, 184, 187, 188, 203, 204, 207, 208, 223, 224, 225, 226, 246, 247, 248, 249, 250, 251, 252, 253, 254, 255, 270, 286, 287, 288, 291, 292, 357, 478, 479, 480, 485, 486, 487, 489, 490, 491, 493, 494], "excluded_lines": [271], "start_line": 1}}}, "src/core/database/client.py": {"executed_lines": [5, 6, 7, 9, 10, 13, 16, 17, 19, 20, 21, 23, 24, 25, 26, 27, 28, 29, 30, 31, 33, 36, 38, 45, 47, 50, 55, 65, 66, 67, 69, 70, 71, 72, 74, 77, 78, 79, 86, 87, 88, 89, 90, 93, 94, 101, 102, 103, 106, 107, 108, 109, 110, 112, 113, 115], "summary": {"covered_lines": 56, "num_statements": 56, "percent_covered": 100.0, "percent_covered_display": "100", "missing_lines": 0, "excluded_lines": 0, "percent_statements_covered": 100.0, "percent_statements_covered_display": "100"}, "missing_lines": [], "excluded_lines": [], "functions": {"_get_client": {"executed_lines": [16, 17, 19, 20, 21, 23, 24, 25, 26, 27, 28, 29, 30, 31, 33], "summary": {"covered_lines": 15, "num_statements": 15, "percent_covered": 100.0, "percent_covered_display": "100", "missing_lines": 0, "excluded_lines": 0, "percent_statements_covered": 100.0, "percent_statements_covered_display": "100"}, "missing_lines": [], "excluded_lines": [], "start_line": 13}, "get_connection_status": {"executed_lines": [38], "summary": {"covered_lines": 1, "num_statements": 1, "percent_covered": 100.0, "percent_covered_display": "100", "missing_lines": 0, "excluded_lines": 0, "percent_statements_covered": 100.0, "percent_statements_covered_display": "100"}, "missing_lines": [], "excluded_lines": [], "start_line": 36}, "is_enabled": {"executed_lines": [47], "summary": {"covered_lines": 1, "num_statements": 1, "percent_covered": 100.0, "percent_covered_display": "100", "missing_lines": 0, "excluded_lines": 0, "percent_statements_covered": 100.0, "percent_statements_covered_display": "100"}, "missing_lines": [], "excluded_lines": [], "start_line": 45}, "health_check": {"executed_lines": [55, 65, 66, 67, 69, 70, 71, 72, 74, 77, 78, 79, 86, 87, 88, 89, 90, 93, 94, 101, 102, 103, 106, 107, 108, 109, 110, 112, 113, 115], "summary": {"covered_lines": 30, "num_statements": 30, "percent_covered": 100.0, "percent_covered_display": "100", "missing_lines": 0, "excluded_lines": 0, "percent_statements_covered": 100.0, "percent_statements_covered_display": "100"}, "missing_lines": [], "excluded_lines": [], "start_line": 50}, "": {"executed_lines": [5, 6, 7, 9, 10, 13, 36, 45, 50], "summary": {"covered_lines": 9, "num_statements": 9, "percent_covered": 100.0, "percent_covered_display": "100", "missing_lines": 0, "excluded_lines": 0, "percent_statements_covered": 100.0, "percent_statements_covered_display": "100"}, "missing_lines": [], "excluded_lines": [], "start_line": 1}}, "classes": {"": {"executed_lines": [5, 6, 7, 9, 10, 13, 16, 17, 19, 20, 21, 23, 24, 25, 26, 27, 28, 29, 30, 31, 33, 36, 38, 45, 47, 50, 55, 65, 66, 67, 69, 70, 71, 72, 74, 77, 78, 79, 86, 87, 88, 89, 90, 93, 94, 101, 102, 103, 106, 107, 108, 109, 110, 112, 113, 115], "summary": {"covered_lines": 56, "num_statements": 56, "percent_covered": 100.0, "percent_covered_display": "100", "missing_lines": 0, "excluded_lines": 0, "percent_statements_covered": 100.0, "percent_statements_covered_display": "100"}, "missing_lines": [], "excluded_lines": [], "start_line": 1}}}, "src/core/database/conversations.py": {"executed_lines": [5, 8, 46, 63, 94, 110], "summary": {"covered_lines": 6, "num_statements": 51, "percent_covered": 11.764705882352942, "percent_covered_display": "12", "missing_lines": 45, "excluded_lines": 0, "percent_statements_covered": 11.764705882352942, "percent_statements_covered_display": "12"}, "missing_lines": [23, 24, 25, 26, 28, 29, 36, 37, 39, 40, 41, 42, 43, 53, 70, 71, 72, 73, 75, 76, 84, 85, 87, 88, 89, 90, 91, 96, 97, 98, 100, 101, 104, 105, 106, 107, 112, 113, 114, 116, 117, 124, 125, 126, 127], "excluded_lines": [], "functions": {"save_message": {"executed_lines": [], "summary": {"covered_lines": 0, "num_statements": 13, "percent_covered": 0.0, "percent_covered_display": "0", "missing_lines": 13, "excluded_lines": 0, "percent_statements_covered": 0.0, "percent_statements_covered_display": "0"}, "missing_lines": [23, 24, 25, 26, 28, 29, 36, 37, 39, 40, 41, 42, 43], "excluded_lines": [], "start_line": 8}, "save_raw_incoming": {"executed_lines": [], "summary": {"covered_lines": 0, "num_statements": 1, "percent_covered": 0.0, "percent_covered_display": "0", "missing_lines": 1, "excluded_lines": 0, "percent_statements_covered": 0.0, "percent_statements_covered_display": "0"}, "missing_lines": [53], "excluded_lines": [], "start_line": 46}, "load_conversation_history": {"executed_lines": [], "summary": {"covered_lines": 0, "num_statements": 13, "percent_covered": 0.0, "percent_covered_display": "0", "missing_lines": 13, "excluded_lines": 0, "percent_statements_covered": 0.0, "percent_statements_covered_display": "0"}, "missing_lines": [70, 71, 72, 73, 75, 76, 84, 85, 87, 88, 89, 90, 91], "excluded_lines": [], "start_line": 63}, "save_message_legacy": {"executed_lines": [], "summary": {"covered_lines": 0, "num_statements": 9, "percent_covered": 0.0, "percent_covered_display": "0", "missing_lines": 9, "excluded_lines": 0, "percent_statements_covered": 0.0, "percent_statements_covered_display": "0"}, "missing_lines": [96, 97, 98, 100, 101, 104, 105, 106, 107], "excluded_lines": [], "start_line": 94}, "load_messages_legacy": {"executed_lines": [], "summary": {"covered_lines": 0, "num_statements": 9, "percent_covered": 0.0, "percent_covered_display": "0", "missing_lines": 9, "excluded_lines": 0, "percent_statements_covered": 0.0, "percent_statements_covered_display": "0"}, "missing_lines": [112, 113, 114, 116, 117, 124, 125, 126, 127], "excluded_lines": [], "start_line": 110}, "": {"executed_lines": [5, 8, 46, 63, 94, 110], "summary": {"covered_lines": 6, "num_statements": 6, "percent_covered": 100.0, "percent_covered_display": "100", "missing_lines": 0, "excluded_lines": 0, "percent_statements_covered": 100.0, "percent_statements_covered_display": "100"}, "missing_lines": [], "excluded_lines": [], "start_line": 1}}, "classes": {"": {"executed_lines": [5, 8, 46, 63, 94, 110], "summary": {"covered_lines": 6, "num_statements": 51, "percent_covered": 11.764705882352942, "percent_covered_display": "12", "missing_lines": 45, "excluded_lines": 0, "percent_statements_covered": 11.764705882352942, "percent_statements_covered_display": "12"}, "missing_lines": [23, 24, 25, 26, 28, 29, 36, 37, 39, 40, 41, 42, 43, 53, 70, 71, 72, 73, 75, 76, 84, 85, 87, 88, 89, 90, 91, 96, 97, 98, 100, 101, 104, 105, 106, 107, 112, 113, 114, 116, 117, 124, 125, 126, 127], "excluded_lines": [], "start_line": 1}}}, "src/core/database/corrections.py": {"executed_lines": [5, 6, 7, 8, 14, 23, 25, 28, 29, 31, 32, 33, 34, 35, 36, 39, 41, 43, 46, 47, 48, 49, 50, 56, 58, 59, 60, 62, 63, 64, 66, 67, 68, 69, 78, 83, 84, 85, 87, 88, 101, 102, 103, 104, 106, 107, 108, 109, 110, 113, 118, 119, 120, 122, 123, 128, 129, 130, 131, 133, 134, 140, 142, 143, 144, 146, 148, 155, 156, 157, 159, 164, 165, 171, 176, 177, 178, 180, 181, 184, 191, 192, 193, 194, 195, 197, 200, 201, 205, 206, 212, 220, 221, 222, 224, 225, 228, 234, 237, 243, 244, 245, 246, 249, 260], "summary": {"covered_lines": 105, "num_statements": 128, "percent_covered": 82.03125, "percent_covered_display": "82", "missing_lines": 23, "excluded_lines": 0, "percent_statements_covered": 82.03125, "percent_statements_covered_display": "82"}, "missing_lines": [16, 26, 42, 44, 51, 52, 53, 70, 71, 72, 135, 136, 137, 166, 167, 168, 198, 207, 208, 209, 267, 268, 269], "excluded_lines": [], "functions": {"_get_corrections_json_path": {"executed_lines": [], "summary": {"covered_lines": 0, "num_statements": 1, "percent_covered": 0.0, "percent_covered_display": "0", "missing_lines": 1, "excluded_lines": 0, "percent_statements_covered": 0.0, "percent_statements_covered_display": "0"}, "missing_lines": [16], "excluded_lines": [], "start_line": 14}, "_load_corrections_json
[...]
39, 145, 147, 148, 149, 166, 168, 174, 176, 177, 178, 186, 193, 194, 195, 196, 198, 199, 201, 202, 204, 205, 208, 209, 210, 213, 214, 217, 218, 219, 222, 223, 224, 225, 226, 229, 230, 231, 232, 233, 235, 238, 239, 240, 241, 242, 243, 244, 246, 247, 248, 251, 252, 253, 255, 261, 262, 263, 264, 265, 267, 275, 276, 277, 278, 279, 281, 283, 284, 286, 295, 296, 297, 299, 301, 303, 309, 310, 311, 318, 319, 320, 321, 322, 324, 326, 332, 334, 343, 344, 345, 353, 354, 356, 358, 364, 365, 366, 373, 374, 384, 385, 390, 391, 392, 393, 395, 400, 401, 402, 403, 405, 409], "excluded_lines": [249], "functions": {"_is_enabled": {"executed_lines": [35], "summary": {"covered_lines": 1, "num_statements": 1, "percent_covered": 100.0, "percent_covered_display": "100", "missing_lines": 0, "excluded_lines": 0, "percent_statements_covered": 100.0, "percent_statements_covered_display": "100"}, "missing_lines": [], "excluded_lines": [], "start_line": 33}, "LifecycleMetrics.__init__": {"executed_lines": [44, 45, 46, 47, 48, 49, 50], "summary": {"covered_lines": 7, "num_statements": 7, "percent_covered": 100.0, "percent_covered_display": "100", "missing_lines": 0, "excluded_lines": 0, "percent_statements_covered": 100.0, "percent_statements_covered_display": "100"}, "missing_lines": [], "excluded_lines": [], "start_line": 43}, "LifecycleMetrics.record_escalation": {"executed_lines": [], "summary": {"covered_lines": 0, "num_statements": 2, "percent_covered": 0.0, "percent_covered_display": "0", "missing_lines": 2, "excluded_lines": 0, "percent_statements_covered": 0.0, "percent_statements_covered_display": "0"}, "missing_lines": [53, 54], "excluded_lines": [], "start_line": 52}, "LifecycleMetrics.record_session_end": {"executed_lines": [], "summary": {"covered_lines": 0, "num_statements": 2, "percent_covered": 0.0, "percent_covered_display": "0", "missing_lines": 2, "excluded_lines": 0, "percent_statements_covered": 0.0, "percent_statements_covered_display": "0"}, "missing_lines": [57, 58], "excluded_lines": [], "start_line": 56}, "LifecycleMetrics.record_maintenance": {"executed_lines": [], "summary": {"covered_lines": 0, "num_statements": 3, "percent_covered": 0.0, "percent_covered_display": "0", "missing_lines": 3, "excluded_lines": 0, "percent_statements_covered": 0.0, "percent_statements_covered_display": "0"}, "missing_lines": [61, 62, 63], "excluded_lines": [], "start_line": 60}, "LifecycleMetrics.record_error": {"executed_lines": [], "summary": {"covered_lines": 0, "num_statements": 3, "percent_covered": 0.0, "percent_covered_display": "0", "missing_lines": 3, "excluded_lines": 0, "percent_statements_covered": 0.0, "percent_statements_covered_display": "0"}, "missing_lines": [66, 67, 68], "excluded_lines": [], "start_line": 65}, "LifecycleMetrics.to_dict": {"executed_lines": [], "summary": {"covered_lines": 0, "num_statements": 2, "percent_covered": 0.0, "percent_covered_display": "0", "missing_lines": 2, "excluded_lines": 0, "percent_statements_covered": 0.0, "percent_statements_covered_display": "0"}, "missing_lines": [71, 72], "excluded_lines": [], "start_line": 70}, "WildMemoryLifecycle.__init__": {"executed_lines": [95, 96, 97, 98], "summary": {"covered_lines": 4, "num_statements": 4, "percent_covered": 100.0, "percent_covered_display": "100", "missing_lines": 0, "excluded_lines": 0, "percent_statements_covered": 100.0, "percent_statements_covered_display": "100"}, "missing_lines": [], "excluded_lines": [], "start_line": 94}, "WildMemoryLifecycle._lazy_init": {"executed_lines": [102, 105, 107, 108], "summary": {"covered_lines": 4, "num_statements": 15, "percent_covered": 26.666666666666668, "percent_covered_display": "27", "missing_lines": 11, "excluded_lines": 0, "percent_statements_covered": 26.666666666666668, "percent_statements_covered_display": "27"}, "missing_lines": [103, 110, 111, 112, 113, 114, 115, 116, 117, 118, 119], "excluded_lines": [], "start_line": 100}, "WildMemoryLifecycle.on_escalation": {"executed_lines": [], "summary": {"covered_lines": 0, "num_statements": 9, "percent_covered": 0.0, "percent_covered_display": "0", "missing_lines": 9, "excluded_lines": 0, "percent_statements_covered": 0.0, "percent_statements_covered_display": "0"}, "missing_lines": [133, 134, 135, 137, 139, 145, 147, 148, 149], "excluded_lines": [], "start_line": 123}, "WildMemoryLifecycle.on_session_end": {"executed_lines": [162, 163, 164], "summary": {"covered_lines": 3, "num_statements": 9, "percent_covered": 33.333333333333336, "percent_covered_display": "33", "missing_lines": 6, "excluded_lines": 0, "percent_statements_covered": 33.333333333333336, "percent_statements_covered_display": "33"}, "missing_lines": [166, 168, 174, 176, 177, 178], "excluded_lines": [], "start_line": 151}, "WildMemoryLifecycle.run_daily_maintenance": {"executed_lines": [], "summary": {"covered_lines": 0, "num_statements": 28, "percent_covered": 0.0, "percent_covered_display": "0", "missing_lines": 28, "excluded_lines": 1, "percent_statements_covered": 0.0, "percent_statements_covered_display": "0"}, "missing_lines": [186, 193, 194, 195, 196, 198, 199, 201, 238, 239, 240, 241, 242, 243, 244, 246, 247, 248, 251, 252, 253, 255, 261, 262, 263, 264, 265, 267], "excluded_lines": [249], "start_line": 180}, "WildMemoryLifecycle.run_daily_maintenance._maintenance": {"executed_lines": [], "summary": {"covered_lines": 0, "num_statements": 22, "percent_covered": 0.0, "percent_covered_display": "0", "missing_lines": 22, "excluded_lines": 0, "percent_statements_covered": 0.0, "percent_statements_covered_display": "0"}, "missing_lines": [202, 204, 205, 208, 209, 210, 213, 214, 217, 218, 219, 222, 223, 224, 225, 226, 229, 230, 231, 232, 233, 235], "excluded_lines": [], "start_line": 201}, "WildMemoryLifecycle._process_escalation": {"executed_lines": [], "summary": {"covered_lines": 0, "num_statements": 11, "percent_covered": 0.0, "percent_covered_display": "0", "missing_lines": 11, "excluded_lines": 0, "percent_statements_covered": 0.0, "percent_statements_covered_display": "0"}, "missing_lines": [275, 276, 277, 278, 279, 281, 301, 303, 309, 310, 311], "excluded_lines": [], "start_line": 271}, "WildMemoryLifecycle._process_escalation._record": {"executed_lines": [], "summary": {"covered_lines": 0, "num_statements": 7, "percent_covered": 0.0, "percent_covered_display": "0", "missing_lines": 7, "excluded_lines": 0, "percent_statements_covered": 0.0, "percent_statements_covered_display": "0"}, "missing_lines": [283, 284, 286, 295, 296, 297, 299], "excluded_lines": [], "start_line": 281}, "WildMemoryLifecycle._process_session_end": {"executed_lines": [], "summary": {"covered_lines": 0, "num_statements": 11, "percent_covered": 0.0, "percent_covered_display": "0", "missing_lines": 11, "excluded_lines": 0, "percent_statements_covered": 0.0, "percent_statements_covered_display": "0"}, "missing_lines": [318, 319, 320, 321, 322, 324, 356, 358, 364, 365, 366], "excluded_lines": [], "start_line": 313}, "WildMemoryLifecycle._process_session_end._end": {"executed_lines": [], "summary": {"covered_lines": 0, "num_statements": 8, "percent_covered": 0.0, "percent_covered_display": "0", "missing_lines": 8, "excluded_lines": 0, "percent_statements_covered": 0.0, "percent_statements_covered_display": "0"}, "missing_lines": [326, 332, 334, 343, 344, 345, 353, 354], "excluded_lines": [], "start_line": 324}, "WildMemoryLifecycle._save_feedback_signal": {"executed_lines": [], "summary": {"covered_lines": 0, "num_statements": 4, "percent_covered": 0.0, "percent_covered_display": "0", "missing_lines": 4, "excluded_lines": 0, "percent_statements_covered": 0.0, "percent_statements_covered_display": "0"}, "missing_lines": [373, 374, 384, 385], "excluded_lines": [], "start_line": 368}, "WildMemoryLifecycle._run_in_new_loop": {"executed_lines": [], "summary": {"covered_lines": 0, "num_statements": 5, "percent_covered": 0.0, "percent_covered_display": "0", "missing_lines": 5, "excluded_lines": 0, "percent_statements_covered": 0.0, "percent_statements_covered_display": "0"}, "missing_lines": [390, 391, 392, 393, 395], "excluded_lines": [], "start_line": 388}, "WildMemoryLifecycle._run_in_loop": {"executed_lines": [], "summary": {"covered_lines": 0, "num_statements": 5, "percent_covered": 0.0, "percent_covered_display": "0", "missing_lines": 5, "excluded_lines": 0, "percent_statements_covered": 0.0, "percent_statements_covered_display": "0"}, "missing_lines": [400, 401, 402, 403, 405], "excluded_lines": [], "start_line": 398}, "WildMemoryLifecycle.get_status": {"executed_lines": [], "summary": {"covered_lines": 0, "num_statements": 1, "percent_covered": 0.0, "percent_covered_display": "0", "missing_lines": 1, "excluded_lines": 0, "percent_statements_covered": 0.0, "percent_statements_covered_display": "0"}, "missing_lines": [409], "excluded_lines": [], "start_line": 407}, "": {"executed_lines": [23, 25, 26, 27, 28, 33, 40, 43, 52, 56, 60, 65, 70, 84, 94, 100, 123, 151, 180, 271, 313, 368, 387, 388, 397, 398, 407, 417], "summary": {"covered_lines": 28, "num_statements": 28, "percent_covered": 100.0, "percent_covered_display": "100", "missing_lines": 0, "excluded_lines": 0, "percent_statements_covered": 100.0, "percent_statements_covered_display": "100"}, "missing_lines": [], "excluded_lines": [], "start_line": 1}}, "classes": {"LifecycleMetrics": {"executed_lines": [44, 45, 46, 47, 48, 49, 50], "summary": {"covered_lines": 7, "num_statements": 19, "percent_covered": 36.8421052631579, "percent_covered_display": "37", "missing_lines": 12, "excluded_lines": 0, "percent_statements_covered": 36.8421052631579, "percent_statements_covered_display": "37"}, "missing_lines": [53, 54, 57, 58, 61, 62, 63, 66, 67, 68, 71, 72], "excluded_lines": [], "start_line": 40}, "WildMemoryLifecycle": {"executed_lines": [95, 96, 97, 98, 102, 105, 107, 108, 162, 163, 164], "summary": {"covered_lines": 11, "num_statements": 139, "percent_covered": 7.913669064748201, "percent_covered_display": "8", "missing_lines": 128, "excluded_lines": 1, "percent_statements_covered": 7.913669064748201, "percent_statements_covered_display": "8"}, "missing_lines": [103, 110, 111, 112, 113, 114, 115, 116, 117, 118, 119, 133, 134, 135, 137, 139, 145, 147, 148, 149, 166, 168, 174, 176, 177, 178, 186, 193, 194, 195, 196, 198, 199, 201, 202, 204, 205, 208, 209, 210, 213, 214, 217, 218, 219, 222, 223, 224, 225, 226, 229, 230, 231, 232, 233, 235, 238, 239, 240, 241, 242, 243, 244, 246, 247, 248, 251, 252, 253, 255, 261, 262, 263, 264, 265, 267, 275, 276, 277, 278, 279, 281, 283, 284, 286, 295, 296, 297, 299, 301, 303, 309, 310, 311, 318, 319, 320, 321, 322, 324, 326, 332, 334, 343, 344, 345, 353, 354, 356, 358, 364, 365, 366, 373, 374, 384, 385, 390, 391, 392, 393, 395, 400, 401, 402, 403, 405, 409], "excluded_lines": [249], "start_line": 84}, "": {"executed_lines": [23, 25, 26, 27, 28, 33, 35, 40, 43, 52, 56, 60, 65, 70, 84, 94, 100, 123, 151, 180, 271, 313, 368, 387, 388, 397, 398, 407, 417], "summary": {"covered_lines": 29, "num_statements": 29, "percent_covered": 100.0, "percent_covered_display": "100", "missing_lines": 0, "excluded_lines": 0, "percent_statements_covered": 100.0, "percent_statements_covered_display": "100"}, "missing_lines": [], "excluded_lines": [], "start_line": 1}}}, "src/core/wild_memory_shadow.py": {"executed_lines": [20, 22, 23, 24, 25, 30, 32, 37, 40, 41, 42, 43, 44, 45, 46, 47, 48, 49, 50, 52, 57, 67, 71, 76, 92, 102, 103, 104, 105, 106, 107, 109, 114, 115, 117, 119, 120, 121, 146, 157, 158, 159, 177, 265, 266, 275, 287], "summary": {"covered_lines": 47, "num_statements": 127, "percent_covered": 37.00787401574803, "percent_covered_display": "37", "missing_lines": 80, "excluded_lines": 1, "percent_statements_covered": 37.00787401574803, "percent_statements_covered_display": "37"}, "missing_lines": [53, 54, 55, 58, 59, 60, 61, 63, 64, 65, 68, 69, 72, 73, 74, 77, 78, 123, 124, 125, 127, 128, 129, 133, 136, 137, 138, 139, 141, 142, 143, 144, 161, 164, 170, 172, 174, 175, 188, 189, 191, 192, 193, 194, 197, 201, 202, 203, 208, 211, 212, 213, 214, 215, 221, 223, 224, 236, 237, 239, 240, 241, 242, 244, 245, 246, 248, 250, 251, 253, 254, 261, 262, 263, 268, 269, 270, 271, 273, 277], "excluded_lines": [216], "functions": {"_is_shadow_enabled": {"executed_lines": [32], "summary": {"covered_lines": 1, "num_statements": 1, "percent_covered": 100.0, "percent_covered_display": "100", "missing_lines": 0, "excluded_lines": 0, "percent_statements_covered": 100.0, "percent_statements_covered_display": "100"}, "missing_lines": [], "excluded_lines": [], "start_line": 30}, "ShadowMetrics.__init__": {"executed_lines": [41, 42, 43, 44, 45, 46, 47, 48, 49, 50], "summary": {"covered_lines": 10, "num_statements": 10, "percent_covered": 100.0, "percent_covered_display": "100", "missing_lines": 0, "excluded_lines": 0, "percent_statements_covered": 100.0, "percent_statements_covered_display": "100"}, "missing_lines": [], "excluded_lines": [], "start_line": 40}, "ShadowMetrics.record_observation": {"executed_lines": [], "summary": {"covered_lines": 0, "num_statements": 3, "percent_covered": 0.0, "percent_covered_display": "0", "missing_lines": 3, "excluded_lines": 0, "percent_statements_covered": 0.0, "percent_statements_covered_display": "0"}, "missing_lines": [53, 54, 55], "excluded_lines": [], "start_line": 52}, "ShadowMetrics.record_distillation": {"executed_lines": [], "summary": {"covered_lines": 0, "num_statements": 7, "percent_covered": 0.0, "percent_covered_display": "0", "missing_lines": 7, "excluded_lines": 0, "percent_statements_covered": 0.0, "percent_statements_covered_display": "0"}, "missing_lines": [58, 59, 60, 61, 63, 64, 65], "excluded_lines": [], "start_line": 57}, "ShadowMetrics.record_skip": {"executed_lines": [], "summary": {"covered_lines": 0, "num_statements": 2, "percent_covered": 0.0, "percent_covered_display": "0", "missing_lines": 2, "excluded_lines": 0, "percent_statements_covered": 0.0, "percent_statements_covered_display": "0"}, "missing_lines": [68, 69], "excluded_lines": [], "start_line": 67}, "ShadowMetrics.record_error": {"executed_lines": [], "summary": {"covered_lines": 0, "num_statements": 3, "percent_covered": 0.0, "percent_covered_display": "0", "missing_lines": 3, "excluded_lines": 0, "percent_statements_covered": 0.0, "percent_statements_covered_display": "0"}, "missing_lines": [72, 73, 74], "excluded_lines": [], "start_line": 71}, "ShadowMetrics.to_dict": {"executed_lines": [], "summary": {"covered_lines": 0, "num_statements": 2, "percent_covered": 0.0, "percent_covered_display": "0", "missing_lines": 2, "excluded_lines": 0, "percent_statements_covered": 0.0, "percent_statements_covered_display": "0"}, "missing_lines": [77, 78], "excluded_lines": [], "start_line": 76}, "WildMemoryShadow.__init__": {"executed_lines": [103, 104, 105, 106, 107], "summary": {"covered_lines": 5, "num_statements": 5, "percent_covered": 100.0, "percent_covered_display": "100", "missing_lines": 0, "excluded_lines": 0, "percent_statements_covered": 100.0, "percent_statements_covered_display": "100"}, "missing_lines": [], "excluded_lines": [], "start_line": 102}, "WildMemoryShadow._lazy_init": {"executed_lines": [114, 115, 117, 119, 120, 121], "summary": {"covered_lines": 6, "num_statements": 21, "percent_covered": 28.571428571428573, "percent_covered_display": "29", "missing_lines": 15, "excluded_lines": 0, "percent_statements_covered": 28.571428571428573, "percent_statements_covered_display": "29"}, "missing_lines": [123, 124, 125, 127, 128, 129, 133, 136, 137, 138, 139, 141, 142, 143, 144], "excluded_lines": [], "start_line": 109}, "WildMemoryShadow.observe": {"executed_lines": [157, 158, 159], "summary": {"covered_lines": 3, "num_statements": 9, "percent_covered": 33.333333333333336, "percent_covered_display": "33", "missing_lines": 6, "excluded_lines": 0, "percent_statements_covered": 33.333333333333336, "percent_statements_covered_display": "33"}, "missing_lines": [161, 164, 170, 172, 174, 175], "excluded_lines": [], "start_line": 146}, "WildMemoryShadow._process_observation": {"executed_lines": [], "summary": {"covered_lines": 0, "num_statements": 35, "percent_covered": 0.0, "percent_covered_display": "0", "missing_lines": 35, "excluded_lines": 1, "percent_statements_covered": 0.0, "percent_statements_covered_display": "0"}, "missing_lines": [188, 189, 191, 192, 193, 194, 197, 201, 202, 203, 208, 211, 212, 213, 214, 215, 221, 223, 236, 237, 239, 240, 241, 242, 244, 245, 246, 248, 250, 251, 253, 254, 261, 262, 263], "excluded_lines": [216], "start_line": 177}, "WildMemoryShadow._process_observation._distill": {"executed_lines": [], "summary": {"covered_lines": 0, "num_statements": 1, "percent_covered": 0.0, "percent_covered_display": "0", "missing_lines": 1, "excluded_lines": 0, "percent_statements_covered": 0.0, "percent_statements_covered_display": "0"}, "missing_lines": [224], "excluded_lines": [], "start_line": 223}, "WildMemoryShadow._run_async_in_new_loop": {"executed_lines": [], "summary": {"covered_lines": 0, "num_statements": 5, "percent_covered": 0.0, "percent_covered_display": "0", "missing_lines": 5, "excluded_lines": 0, "percent_statements_covered": 0.0, "percent_statements_covered_display": "0"}, "missing_lines": [268, 269, 270, 271, 273], "excluded_lines": [], "start_line": 266}, "WildMemoryShadow.get_status": {"executed_lines": [], "summary": {"covered_lines": 0, "num_statements": 1, "percent_covered": 0.0, "percent_covered_display": "0", "missing_lines": 1, "excluded_lines": 0, "percent_statements_covered": 0.0, "percent_statements_covered_display": "0"}, "missing_lines": [277], "excluded_lines": [], "start_line": 275}, "": {"executed_lines": [20, 22, 23, 24, 25, 30, 37, 40, 52, 57, 67, 71, 76, 92, 102, 109, 146, 177, 265, 266, 275, 287], "summary": {"covered_lines": 22, "num_statements": 22, "percent_covered": 100.0, "percent_covered_display": "100", "missing_lines": 0, "excluded_lines": 0, "percent_statements_covered": 100.0, "percent_statements_covered_display": "100"}, "missing_lines": [], "excluded_lines": [], "start_line": 1}}, "classes": {"ShadowMetrics": {"executed_lines": [41, 42, 43, 44, 45, 46, 47, 48, 49, 50], "summary": {"covered_lines": 10, "num_statements": 27, "percent_covered": 37.03703703703704, "percent_covered_display": "37", "missing_lines": 17, "excluded_lines": 0, "percent_statements_covered": 37.03703703703704, "percent_statements_covered_display": "37"}, "missing_lines": [53, 54, 55, 58, 59, 60, 61, 63, 64, 65, 68, 69, 72, 73, 74, 77, 78], "excluded_lines": [], "start_line": 37}, "WildMemoryShadow": {"executed_lines": [103, 104, 105, 106, 107, 114, 115, 117, 119, 120, 121, 157, 158, 159], "summary": {"covered_lines": 14, "num_statements": 77, "percent_covered": 18.181818181818183, "percent_covered_display": "18", "missing_lines": 63, "excluded_lines": 1, "percent_statements_covered": 18.181818181818183, "percent_statements_covered_display": "18"}, "missing_lines": [123, 124, 125, 127, 128, 129, 133, 136, 137, 138, 139, 141, 142, 143, 144, 161, 164, 170, 172, 174, 175, 188, 189, 191, 192, 193, 194, 197, 201, 202, 203, 208, 211, 212, 213, 214, 215, 221, 223, 224, 236, 237, 239, 240, 241, 242, 244, 245, 246, 248, 250, 251, 253, 254, 261, 262, 263, 268, 269, 270, 271, 273, 277], "excluded_lines": [216], "start_line": 92}, "": {"executed_lines": [20, 22, 23, 24, 25, 30, 32, 37, 40, 52, 57, 67, 71, 76, 92, 102, 109, 146, 177, 265, 266, 275, 287], "summary": {"covered_lines": 23, "num_statements": 23, "percent_covered": 100.0, "percent_covered_display": "100", "missing_lines": 0, "excluded_lines": 0, "percent_statements_covered": 100.0, "percent_statements_covered_display": "100"}, "missing_lines": [], "excluded_lines": [], "start_line": 1}}}}, "totals": {"covered_lines": 2069, "num_statements": 3061, "percent_covered": 67.59229010127409, "percent_covered_display": "68", "missing_lines": 992, "excluded_lines": 14, "percent_statements_covered": 67.59229010127409, "percent_statements_covered_display": "68"}}